Sat Aug 26 10:09:34 UTC 2023
INFO 2023-08-26T10:25:19.105+00:00 lsst.ctrl.mpexec.cmdLineFwk ()(cmdLineFwk.py:581) - QuantumGraph contains 7 quanta for 2 tasks, graph ID: '1693045519.09962-2428'
INFO 2023-08-26T10:25:41.778+00:00 lsst.makeWarp.select (makeWarp:{instrument: 'LSSTCam-imSim', skymap: 'DC2', tract: 4431, patch: 17, visit: 919515, ...})(selectImages.py:228) - Selecting calexp {instrument: 'LSSTCam-imSim', detector: 110, visit: 919515, ...}
INFO 2023-08-26T10:25:41.779+00:00 lsst.makeWarp.select (makeWarp:{instrument: 'LSSTCam-imSim', skymap: 'DC2', tract: 4431, patch: 17, visit: 919515, ...})(selectImages.py:228) - Selecting calexp {instrument: 'LSSTCam-imSim', detector: 113, visit: 919515, ...}
INFO 2023-08-26T10:25:41.780+00:00 lsst.makeWarp.select (makeWarp:{instrument: 'LSSTCam-imSim', skymap: 'DC2', tract: 4431, patch: 17, visit: 919515, ...})(selectImages.py:228) - Selecting calexp {instrument: 'LSSTCam-imSim', detector: 116, visit: 919515, ...}
INFO 2023-08-26T10:25:45.845+00:00 lsst.makeWarp (makeWarp:{instrument: 'LSSTCam-imSim', skymap: 'DC2', tract: 4431, patch: 17, visit: 919515, ...})(makeWarp.py:448) - Processing calexp 1 of 3 for this Warp: id={instrument: 'LSSTCam-imSim', detector: 110, visit: 919515, ...}
INFO 2023-08-26T10:25:47.608+00:00 lsst.makeWarp.warpAndPsfMatch.psfMatch (makeWarp:{instrument: 'LSSTCam-imSim', skymap: 'DC2', tract: 4431, patch: 17, visit: 919515, ...})(modelPsfMatch.py:335) - compute Psf-matching kernel
INFO 2023-08-26T10:25:47.812+00:00 lsst.makeWarp.warpAndPsfMatch.psfMatch (makeWarp:{instrument: 'LSSTCam-imSim', skymap: 'DC2', tract: 4431, patch: 17, visit: 919515, ...})(modelPsfMatch.py:483) - Adjusted dimensions of reference PSF model from (23, 23) to (57, 57)
INFO 2023-08-26T10:25:48.310+00:00 lsst.ip.diffim.generateAlardLuptonBasisList (makeWarp:{instrument: 'LSSTCam-imSim', skymap: 'DC2', tract: 4431, patch: 17, visit: 919515, ...})(makeKernelBasisList.py:192) - PSF sigmas are not available or scaling by fwhm disabled, falling back to config values
INFO 2023-08-26T10:25:53.485+00:00 lsst.makeWarp.warpAndPsfMatch.psfMatch (makeWarp:{instrument: 'LSSTCam-imSim', skymap: 'DC2', tract: 4431, patch: 17, visit: 919515, ...})(modelPsfMatch.py:358) - Psf-match science exposure to reference
INFO 2023-08-26T10:25:57.036+00:00 lsst.makeWarp.warpAndPsfMatch.psfMatch (makeWarp:{instrument: 'LSSTCam-imSim', skymap: 'DC2', tract: 4431, patch: 17, visit: 919515, ...})(modelPsfMatch.py:373) - done
INFO 2023-08-26T10:25:57.062+00:00 lsst.makeWarp (makeWarp:{instrument: 'LSSTCam-imSim', skymap: 'DC2', tract: 4431, patch: 17, visit: 919515, ...})(makeWarp.py:448) - Processing calexp 2 of 3 for this Warp: id={instrument: 'LSSTCam-imSim', detector: 113, visit: 919515, ...}
INFO 2023-08-26T10:26:07.268+00:00 lsst.makeWarp.warpAndPsfMatch.psfMatch (makeWarp:{instrument: 'LSSTCam-imSim', skymap: 'DC2', tract: 4431, patch: 17, visit: 919515, ...})(modelPsfMatch.py:335) - compute Psf-matching kernel
INFO 2023-08-26T10:26:07.940+00:00 lsst.makeWarp.warpAndPsfMatch.psfMatch (makeWarp:{instrument: 'LSSTCam-imSim', skymap: 'DC2', tract: 4431, patch: 17, visit: 919515, ...})(modelPsfMatch.py:483) - Adjusted dimensions of reference PSF model from (23, 23) to (57, 57)
INFO 2023-08-26T10:26:09.702+00:00 lsst.ip.diffim.generateAlardLuptonBasisList (makeWarp:{instrument: 'LSSTCam-imSim', skymap: 'DC2', tract: 4431, patch: 17, visit: 919515, ...})(makeKernelBasisList.py:192) - PSF sigmas are not available or scaling by fwhm disabled, falling back to config values
INFO 2023-08-26T10:26:28.598+00:00 lsst.makeWarp.warpAndPsfMatch.psfMatch (makeWarp:{instrument: 'LSSTCam-imSim', skymap: 'DC2', tract: 4431, patch: 17, visit: 919515, ...})(modelPsfMatch.py:358) - Psf-match science exposure to reference
INFO 2023-08-26T10:26:45.285+00:00 lsst.makeWarp.warpAndPsfMatch.psfMatch (makeWarp:{instrument: 'LSSTCam-imSim', skymap: 'DC2', tract: 4431, patch: 17, visit: 919515, ...})(modelPsfMatch.py:373) - done
INFO 2023-08-26T10:26:45.416+00:00 lsst.makeWarp (makeWarp:{instrument: 'LSSTCam-imSim', skymap: 'DC2', tract: 4431, patch: 17, visit: 919515, ...})(makeWarp.py:448) - Processing calexp 3 of 3 for this Warp: id={instrument: 'LSSTCam-imSim', detector: 116, visit: 919515, ...}
INFO 2023-08-26T10:26:46.254+00:00 lsst.makeWarp.warpAndPsfMatch.psfMatch (makeWarp:{instrument: 'LSSTCam-imSim', skymap: 'DC2', tract: 4431, patch: 17, visit: 919515, ...})(modelPsfMatch.py:335) - compute Psf-matching kernel
INFO 2023-08-26T10:26:46.408+00:00 lsst.makeWarp.warpAndPsfMatch.psfMatch (makeWarp:{instrument: 'LSSTCam-imSim', skymap: 'DC2', tract: 4431, patch: 17, visit: 919515, ...})(modelPsfMatch.py:483) - Adjusted dimensions of reference PSF model from (23, 23) to (57, 57)
INFO 2023-08-26T10:26:46.798+00:00 lsst.ip.diffim.generateAlardLuptonBasisList (makeWarp:{instrument: 'LSSTCam-imSim', skymap: 'DC2', tract: 4431, patch: 17, visit: 919515, ...})(makeKernelBasisList.py:192) - PSF sigmas are not available or scaling by fwhm disabled, falling back to config values
INFO 2023-08-26T10:26:50.892+00:00 lsst.makeWarp.warpAndPsfMatch.psfMatch (makeWarp:{instrument: 'LSSTCam-imSim', skymap: 'DC2', tract: 4431, patch: 17, visit: 919515, ...})(modelPsfMatch.py:358) - Psf-match science exposure to reference
INFO 2023-08-26T10:26:53.894+00:00 lsst.makeWarp.warpAndPsfMatch.psfMatch (makeWarp:{instrument: 'LSSTCam-imSim', skymap: 'DC2', tract: 4431, patch: 17, visit: 919515, ...})(modelPsfMatch.py:373) - done
INFO 2023-08-26T10:26:53.926+00:00 lsst.makeWarp (makeWarp:{instrument: 'LSSTCam-imSim', skymap: 'DC2', tract: 4431, patch: 17, visit: 919515, ...})(makeWarp.py:494) - directWarp has 8982709 good pixels (50.9%)
INFO 2023-08-26T10:26:53.930+00:00 lsst.makeWarp (makeWarp:{instrument: 'LSSTCam-imSim', skymap: 'DC2', tract: 4431, patch: 17, visit: 919515, ...})(makeWarp.py:494) - psfMatchedWarp has 8856818 good pixels (50.2%)
INFO 2023-08-26T10:26:59.558+00:00 lsst.ctrl.mpexec.singleQuantumExecutor (makeWarp:{instrument: 'LSSTCam-imSim', skymap: 'DC2', tract: 4431, patch: 17, visit: 919515, ...})(singleQuantumExecutor.py:232) - Execution of task 'makeWarp' on quantum {instrument: 'LSSTCam-imSim', skymap: 'DC2', tract: 4431, patch: 17, visit: 919515, ...} took 81.572 seconds
INFO 2023-08-26T10:26:59.576+00:00 lsst.ctrl.mpexec.singleQuantumExecutor ()(singleQuantumExecutor.py:654) - Log records could not be stored in this butler because the datastore can not ingest files, empty record list is stored instead.
INFO 2023-08-26T10:27:00.298+00:00 lsst.ctrl.mpexec.mpGraphExecutor ()(mpGraphExecutor.py:518) - Executed 1 quanta successfully, 0 failed and 6 remain out of total 7 quanta.
INFO 2023-08-26T10:27:05.196+00:00 lsst.makeWarp.select (makeWarp:{instrument: 'LSSTCam-imSim', skymap: 'DC2', tract: 4431, patch: 17, visit: 930353, ...})(selectImages.py:228) - Selecting calexp {instrument: 'LSSTCam-imSim', detector: 165, visit: 930353, ...}
INFO 2023-08-26T10:27:05.197+00:00 lsst.makeWarp.select (makeWarp:{instrument: 'LSSTCam-imSim', skymap: 'DC2', tract: 4431, patch: 17, visit: 930353, ...})(selectImages.py:228) - Selecting calexp {instrument: 'LSSTCam-imSim', detector: 166, visit: 930353, ...}
INFO 2023-08-26T10:27:05.198+00:00 lsst.makeWarp.select (makeWarp:{instrument: 'LSSTCam-imSim', skymap: 'DC2', tract: 4431, patch: 17, visit: 930353, ...})(selectImages.py:228) - Selecting calexp {instrument: 'LSSTCam-imSim', detector: 168, visit: 930353, ...}
INFO 2023-08-26T10:27:05.198+00:00 lsst.makeWarp.select (makeWarp:{instrument: 'LSSTCam-imSim', skymap: 'DC2', tract: 4431, patch: 17, visit: 930353, ...})(selectImages.py:228) - Selecting calexp {instrument: 'LSSTCam-imSim', detector: 169, visit: 930353, ...}
INFO 2023-08-26T10:27:09.934+00:00 lsst.makeWarp (makeWarp:{instrument: 'LSSTCam-imSim', skymap: 'DC2', tract: 4431, patch: 17, visit: 930353, ...})(makeWarp.py:448) - Processing calexp 1 of 4 for this Warp: id={instrument: 'LSSTCam-imSim', detector: 165, visit: 930353, ...}
INFO 2023-08-26T10:27:18.156+00:00 lsst.makeWarp.warpAndPsfMatch.psfMatch (makeWarp:{instrument: 'LSSTCam-imSim', skymap: 'DC2', tract: 4431, patch: 17, visit: 930353, ...})(modelPsfMatch.py:335) - compute Psf-matching kernel
INFO 2023-08-26T10:27:18.634+00:00 lsst.makeWarp.warpAndPsfMatch.psfMatch (makeWarp:{instrument: 'LSSTCam-imSim', skymap: 'DC2', tract: 4431, patch: 17, visit: 930353, ...})(modelPsfMatch.py:483) - Adjusted dimensions of reference PSF model from (23, 23) to (57, 57)
INFO 2023-08-26T10:27:19.877+00:00 lsst.ip.diffim.generateAlardLuptonBasisList (makeWarp:{instrument: 'LSSTCam-imSim', skymap: 'DC2', tract: 4431, patch: 17, visit: 930353, ...})(makeKernelBasisList.py:192) - PSF sigmas are not available or scaling by fwhm disabled, falling back to config values
INFO 2023-08-26T10:27:32.529+00:00 lsst.makeWarp.warpAndPsfMatch.psfMatch (makeWarp:{instrument: 'LSSTCam-imSim', skymap: 'DC2', tract: 4431, patch: 17, visit: 930353, ...})(modelPsfMatch.py:358) - Psf-match science exposure to reference
INFO 2023-08-26T10:27:43.231+00:00 lsst.makeWarp.warpAndPsfMatch.psfMatch (makeWarp:{instrument: 'LSSTCam-imSim', skymap: 'DC2', tract: 4431, patch: 17, visit: 930353, ...})(modelPsfMatch.py:373) - done
INFO 2023-08-26T10:27:43.321+00:00 lsst.makeWarp (makeWarp:{instrument: 'LSSTCam-imSim', skymap: 'DC2', tract: 4431, patch: 17, visit: 930353, ...})(makeWarp.py:448) - Processing calexp 2 of 4 for this Warp: id={instrument: 'LSSTCam-imSim', detector: 166, visit: 930353, ...}
INFO 2023-08-26T10:27:43.851+00:00 lsst.makeWarp.warpAndPsfMatch.psfMatch (makeWarp:{instrument: 'LSSTCam-imSim', skymap: 'DC2', tract: 4431, patch: 17, visit: 930353, ...})(modelPsfMatch.py:335) - compute Psf-matching kernel
INFO 2023-08-26T10:27:44.008+00:00 lsst.makeWarp.warpAndPsfMatch.psfMatch (makeWarp:{instrument: 'LSSTCam-imSim', skymap: 'DC2', tract: 4431, patch: 17, visit: 930353, ...})(modelPsfMatch.py:483) - Adjusted dimensions of reference PSF model from (23, 23) to (57, 57)
INFO 2023-08-26T10:27:44.434+00:00 lsst.ip.diffim.generateAlardLuptonBasisList (makeWarp:{instrument: 'LSSTCam-imSim', skymap: 'DC2', tract: 4431, patch: 17, visit: 930353, ...})(makeKernelBasisList.py:192) - PSF sigmas are not available or scaling by fwhm disabled, falling back to config values
INFO 2023-08-26T10:27:48.638+00:00 lsst.makeWarp.warpAndPsfMatch.psfMatch (makeWarp:{instrument: 'LSSTCam-imSim', skymap: 'DC2', tract: 4431, patch: 17, visit: 930353, ...})(modelPsfMatch.py:358) - Psf-match science exposure to reference
INFO 2023-08-26T10:27:51.256+00:00 lsst.makeWarp.warpAndPsfMatch.psfMatch (makeWarp:{instrument: 'LSSTCam-imSim', skymap: 'DC2', tract: 4431, patch: 17, visit: 930353, ...})(modelPsfMatch.py:373) - done
INFO 2023-08-26T10:27:51.282+00:00 lsst.makeWarp (makeWarp:{instrument: 'LSSTCam-imSim', skymap: 'DC2', tract: 4431, patch: 17, visit: 930353, ...})(makeWarp.py:448) - Processing calexp 3 of 4 for this Warp: id={instrument: 'LSSTCam-imSim', detector: 168, visit: 930353, ...}
INFO 2023-08-26T10:28:07.152+00:00 lsst.makeWarp.warpAndPsfMatch.psfMatch (makeWarp:{instrument: 'LSSTCam-imSim', skymap: 'DC2', tract: 4431, patch: 17, visit: 930353, ...})(modelPsfMatch.py:335) - compute Psf-matching kernel
INFO 2023-08-26T10:28:07.995+00:00 lsst.makeWarp.warpAndPsfMatch.psfMatch (makeWarp:{instrument: 'LSSTCam-imSim', skymap: 'DC2', tract: 4431, patch: 17, visit: 930353, ...})(modelPsfMatch.py:483) - Adjusted dimensions of reference PSF model from (23, 23) to (57, 57)
INFO 2023-08-26T10:28:10.152+00:00 lsst.ip.diffim.generateAlardLuptonBasisList (makeWarp:{instrument: 'LSSTCam-imSim', skymap: 'DC2', tract: 4431, patch: 17, visit: 930353, ...})(makeKernelBasisList.py:192) - PSF sigmas are not available or scaling by fwhm disabled, falling back to config values
INFO 2023-08-26T10:28:32.417+00:00 lsst.makeWarp.warpAndPsfMatch.psfMatch (makeWarp:{instrument: 'LSSTCam-imSim', skymap: 'DC2', tract: 4431, patch: 17, visit: 930353, ...})(modelPsfMatch.py:358) - Psf-match science exposure to reference
INFO 2023-08-26T10:28:51.945+00:00 lsst.makeWarp.warpAndPsfMatch.psfMatch (makeWarp:{instrument: 'LSSTCam-imSim', skymap: 'DC2', tract: 4431, patch: 17, visit: 930353, ...})(modelPsfMatch.py:373) - done
INFO 2023-08-26T10:28:52.112+00:00 lsst.makeWarp (makeWarp:{instrument: 'LSSTCam-imSim', skymap: 'DC2', tract: 4431, patch: 17, visit: 930353, ...})(makeWarp.py:448) - Processing calexp 4 of 4 for this Warp: id={instrument: 'LSSTCam-imSim', detector: 169, visit: 930353, ...}
INFO 2023-08-26T10:28:55.844+00:00 lsst.makeWarp.warpAndPsfMatch.psfMatch (makeWarp:{instrument: 'LSSTCam-imSim', skymap: 'DC2', tract: 4431, patch: 17, visit: 930353, ...})(modelPsfMatch.py:335) - compute Psf-matching kernel
INFO 2023-08-26T10:28:56.147+00:00 lsst.makeWarp.warpAndPsfMatch.psfMatch (makeWarp:{instrument: 'LSSTCam-imSim', skymap: 'DC2', tract: 4431, patch: 17, visit: 930353, ...})(modelPsfMatch.py:483) - Adjusted dimensions of reference PSF model from (23, 23) to (57, 57)
INFO 2023-08-26T10:28:56.938+00:00 lsst.ip.diffim.generateAlardLuptonBasisList (makeWarp:{instrument: 'LSSTCam-imSim', skymap: 'DC2', tract: 4431, patch: 17, visit: 930353, ...})(makeKernelBasisList.py:192) - PSF sigmas are not available or scaling by fwhm disabled, falling back to config values
INFO 2023-08-26T10:29:05.060+00:00 lsst.makeWarp.warpAndPsfMatch.psfMatch (makeWarp:{instrument: 'LSSTCam-imSim', skymap: 'DC2', tract: 4431, patch: 17, visit: 930353, ...})(modelPsfMatch.py:358) - Psf-match science exposure to reference
INFO 2023-08-26T10:29:11.327+00:00 lsst.makeWarp.warpAndPsfMatch.psfMatch (makeWarp:{instrument: 'LSSTCam-imSim', skymap: 'DC2', tract: 4431, patch: 17, visit: 930353, ...})(modelPsfMatch.py:373) - done
INFO 2023-08-26T10:29:11.392+00:00 lsst.makeWarp (makeWarp:{instrument: 'LSSTCam-imSim', skymap: 'DC2', tract: 4431, patch: 17, visit: 930353, ...})(makeWarp.py:494) - directWarp has 16076133 good pixels (91.1%)
INFO 2023-08-26T10:29:11.395+00:00 lsst.makeWarp (makeWarp:{instrument: 'LSSTCam-imSim', skymap: 'DC2', tract: 4431, patch: 17, visit: 930353, ...})(makeWarp.py:494) - psfMatchedWarp has 15873200 good pixels (90.0%)
INFO 2023-08-26T10:29:19.592+00:00 lsst.ctrl.mpexec.singleQuantumExecutor (makeWarp:{instrument: 'LSSTCam-imSim', skymap: 'DC2', tract: 4431, patch: 17, visit: 930353, ...})(singleQuantumExecutor.py:232) - Execution of task 'makeWarp' on quantum {instrument: 'LSSTCam-imSim', skymap: 'DC2', tract: 4431, patch: 17, visit: 930353, ...} took 139.292 seconds
INFO 2023-08-26T10:29:19.605+00:00 lsst.ctrl.mpexec.singleQuantumExecutor ()(singleQuantumExecutor.py:654) - Log records could not be stored in this butler because the datastore can not ingest files, empty record list is stored instead.
INFO 2023-08-26T10:29:20.338+00:00 lsst.ctrl.mpexec.mpGraphExecutor ()(mpGraphExecutor.py:518) - Executed 2 quanta successfully, 0 failed and 5 remain out of total 7 quanta.
INFO 2023-08-26T10:29:29.981+00:00 lsst.makeWarp.select (makeWarp:{instrument: 'LSSTCam-imSim', skymap: 'DC2', tract: 4431, patch: 17, visit: 924086, ...})(selectImages.py:228) - Selecting calexp {instrument: 'LSSTCam-imSim', detector: 139, visit: 924086, ...}
INFO 2023-08-26T10:29:29.982+00:00 lsst.makeWarp.select (makeWarp:{instrument: 'LSSTCam-imSim', skymap: 'DC2', tract: 4431, patch: 17, visit: 924086, ...})(selectImages.py:228) - Selecting calexp {instrument: 'LSSTCam-imSim', detector: 140, visit: 924086, ...}
INFO 2023-08-26T10:29:29.982+00:00 lsst.makeWarp.select (makeWarp:{instrument: 'LSSTCam-imSim', skymap: 'DC2', tract: 4431, patch: 17, visit: 924086, ...})(selectImages.py:228) - Selecting calexp {instrument: 'LSSTCam-imSim', detector: 141, visit: 924086, ...}
INFO 2023-08-26T10:29:29.983+00:00 lsst.makeWarp.select (makeWarp:{instrument: 'LSSTCam-imSim', skymap: 'DC2', tract: 4431, patch: 17, visit: 924086, ...})(selectImages.py:228) - Selecting calexp {instrument: 'LSSTCam-imSim', detector: 142, visit: 924086, ...}
INFO 2023-08-26T10:29:29.983+00:00 lsst.makeWarp.select (makeWarp:{instrument: 'LSSTCam-imSim', skymap: 'DC2', tract: 4431, patch: 17, visit: 924086, ...})(selectImages.py:228) - Selecting calexp {instrument: 'LSSTCam-imSim', detector: 143, visit: 924086, ...}
INFO 2023-08-26T10:29:35.809+00:00 lsst.makeWarp (makeWarp:{instrument: 'LSSTCam-imSim', skymap: 'DC2', tract: 4431, patch: 17, visit: 924086, ...})(makeWarp.py:448) - Processing calexp 1 of 5 for this Warp: id={instrument: 'LSSTCam-imSim', detector: 139, visit: 924086, ...}
INFO 2023-08-26T10:29:43.434+00:00 lsst.makeWarp.warpAndPsfMatch.psfMatch (makeWarp:{instrument: 'LSSTCam-imSim', skymap: 'DC2', tract: 4431, patch: 17, visit: 924086, ...})(modelPsfMatch.py:335) - compute Psf-matching kernel
INFO 2023-08-26T10:29:43.944+00:00 lsst.makeWarp.warpAndPsfMatch.psfMatch (makeWarp:{instrument: 'LSSTCam-imSim', skymap: 'DC2', tract: 4431, patch: 17, visit: 924086, ...})(modelPsfMatch.py:483) - Adjusted dimensions of reference PSF model from (23, 23) to (57, 57)
INFO 2023-08-26T10:29:45.274+00:00 lsst.ip.diffim.generateAlardLuptonBasisList (makeWarp:{instrument: 'LSSTCam-imSim', skymap: 'DC2', tract: 4431, patch: 17, visit: 924086, ...})(makeKernelBasisList.py:192) - PSF sigmas are not available or scaling by fwhm disabled, falling back to config values
INFO 2023-08-26T10:29:58.299+00:00 lsst.makeWarp.warpAndPsfMatch.psfMatch (makeWarp:{instrument: 'LSSTCam-imSim', skymap: 'DC2', tract: 4431, patch: 17, visit: 924086, ...})(modelPsfMatch.py:358) - Psf-match science exposure to reference
INFO 2023-08-26T10:30:09.211+00:00 lsst.makeWarp.warpAndPsfMatch.psfMatch (makeWarp:{instrument: 'LSSTCam-imSim', skymap: 'DC2', tract: 4431, patch: 17, visit: 924086, ...})(modelPsfMatch.py:373) - done
INFO 2023-08-26T10:30:09.292+00:00 lsst.makeWarp (makeWarp:{instrument: 'LSSTCam-imSim', skymap: 'DC2', tract: 4431, patch: 17, visit: 924086, ...})(makeWarp.py:448) - Processing calexp 2 of 5 for this Warp: id={instrument: 'LSSTCam-imSim', detector: 140, visit: 924086, ...}
INFO 2023-08-26T10:30:09.548+00:00 lsst.makeWarp.warpAndPsfMatch.psfMatch (makeWarp:{instrument: 'LSSTCam-imSim', skymap: 'DC2', tract: 4431, patch: 17, visit: 924086, ...})(modelPsfMatch.py:335) - compute Psf-matching kernel
INFO 2023-08-26T10:30:09.668+00:00 lsst.makeWarp.warpAndPsfMatch.psfMatch (makeWarp:{instrument: 'LSSTCam-imSim', skymap: 'DC2', tract: 4431, patch: 17, visit: 924086, ...})(modelPsfMatch.py:483) - Adjusted dimensions of reference PSF model from (23, 23) to (57, 57)
INFO 2023-08-26T10:30:09.956+00:00 lsst.ip.diffim.generateAlardLuptonBasisList (makeWarp:{instrument: 'LSSTCam-imSim', skymap: 'DC2', tract: 4431, patch: 17, visit: 924086, ...})(makeKernelBasisList.py:192) - PSF sigmas are not available or scaling by fwhm disabled, falling back to config values
INFO 2023-08-26T10:30:12.776+00:00 lsst.makeWarp.warpAndPsfMatch.psfMatch (makeWarp:{instrument: 'LSSTCam-imSim', skymap: 'DC2', tract: 4431, patch: 17, visit: 924086, ...})(modelPsfMatch.py:358) - Psf-match science exposure to reference
INFO 2023-08-26T10:30:14.547+00:00 lsst.makeWarp.warpAndPsfMatch.psfMatch (makeWarp:{instrument: 'LSSTCam-imSim', skymap: 'DC2', tract: 4431, patch: 17, visit: 924086, ...})(modelPsfMatch.py:373) - done
INFO 2023-08-26T10:30:14.569+00:00 lsst.makeWarp (makeWarp:{instrument: 'LSSTCam-imSim', skymap: 'DC2', tract: 4431, patch: 17, visit: 924086, ...})(makeWarp.py:448) - Processing calexp 3 of 5 for this Warp: id={instrument: 'LSSTCam-imSim', detector: 141, visit: 924086, ...}
INFO 2023-08-26T10:30:15.502+00:00 lsst.makeWarp.warpAndPsfMatch.psfMatch (makeWarp:{instrument: 'LSSTCam-imSim', skymap: 'DC2', tract: 4431, patch: 17, visit: 924086, ...})(modelPsfMatch.py:335) - compute Psf-matching kernel
INFO 2023-08-26T10:30:15.663+00:00 lsst.makeWarp.warpAndPsfMatch.psfMatch (makeWarp:{instrument: 'LSSTCam-imSim', skymap: 'DC2', tract: 4431, patch: 17, visit: 924086, ...})(modelPsfMatch.py:483) - Adjusted dimensions of reference PSF model from (23, 23) to (57, 57)
INFO 2023-08-26T10:30:16.089+00:00 lsst.ip.diffim.generateAlardLuptonBasisList (makeWarp:{instrument: 'LSSTCam-imSim', skymap: 'DC2', tract: 4431, patch: 17, visit: 924086, ...})(makeKernelBasisList.py:192) - PSF sigmas are not available or scaling by fwhm disabled, falling back to config values
INFO 2023-08-26T10:30:20.369+00:00 lsst.makeWarp.warpAndPsfMatch.psfMatch (makeWarp:{instrument: 'LSSTCam-imSim', skymap: 'DC2', tract: 4431, patch: 17, visit: 924086, ...})(modelPsfMatch.py:358) - Psf-match science exposure to reference
INFO 2023-08-26T10:30:23.526+00:00 lsst.makeWarp.warpAndPsfMatch.psfMatch (makeWarp:{instrument: 'LSSTCam-imSim', skymap: 'DC2', tract: 4431, patch: 17, visit: 924086, ...})(modelPsfMatch.py:373) - done
INFO 2023-08-26T10:30:23.554+00:00 lsst.makeWarp (makeWarp:{instrument: 'LSSTCam-imSim', skymap: 'DC2', tract: 4431, patch: 17, visit: 924086, ...})(makeWarp.py:448) - Processing calexp 4 of 5 for this Warp: id={instrument: 'LSSTCam-imSim', detector: 142, visit: 924086, ...}
INFO 2023-08-26T10:30:37.975+00:00 lsst.makeWarp.warpAndPsfMatch.psfMatch (makeWarp:{instrument: 'LSSTCam-imSim', skymap: 'DC2', tract: 4431, patch: 17, visit: 924086, ...})(modelPsfMatch.py:335) - compute Psf-matching kernel
INFO 2023-08-26T10:30:38.797+00:00 lsst.makeWarp.warpAndPsfMatch.psfMatch (makeWarp:{instrument: 'LSSTCam-imSim', skymap: 'DC2', tract: 4431, patch: 17, visit: 924086, ...})(modelPsfMatch.py:483) - Adjusted dimensions of reference PSF model from (23, 23) to (57, 57)
INFO 2023-08-26T10:30:40.967+00:00 lsst.ip.diffim.generateAlardLuptonBasisList (makeWarp:{instrument: 'LSSTCam-imSim', skymap: 'DC2', tract: 4431, patch: 17, visit: 924086, ...})(makeKernelBasisList.py:192) - PSF sigmas are not available or scaling by fwhm disabled, falling back to config values
INFO 2023-08-26T10:31:03.298+00:00 lsst.makeWarp.warpAndPsfMatch.psfMatch (makeWarp:{instrument: 'LSSTCam-imSim', skymap: 'DC2', tract: 4431, patch: 17, visit: 924086, ...})(modelPsfMatch.py:358) - Psf-match science exposure to reference
INFO 2023-08-26T10:31:23.194+00:00 lsst.makeWarp.warpAndPsfMatch.psfMatch (makeWarp:{instrument: 'LSSTCam-imSim', skymap: 'DC2', tract: 4431, patch: 17, visit: 924086, ...})(modelPsfMatch.py:373) - done
INFO 2023-08-26T10:31:23.373+00:00 lsst.makeWarp (makeWarp:{instrument: 'LSSTCam-imSim', skymap: 'DC2', tract: 4431, patch: 17, visit: 924086, ...})(makeWarp.py:448) - Processing calexp 5 of 5 for this Warp: id={instrument: 'LSSTCam-imSim', detector: 143, visit: 924086, ...}
INFO 2023-08-26T10:31:25.729+00:00 lsst.makeWarp.warpAndPsfMatch.psfMatch (makeWarp:{instrument: 'LSSTCam-imSim', skymap: 'DC2', tract: 4431, patch: 17, visit: 924086, ...})(modelPsfMatch.py:335) - compute Psf-matching kernel
INFO 2023-08-26T10:31:25.988+00:00 lsst.makeWarp.warpAndPsfMatch.psfMatch (makeWarp:{instrument: 'LSSTCam-imSim', skymap: 'DC2', tract: 4431, patch: 17, visit: 924086, ...})(modelPsfMatch.py:483) - Adjusted dimensions of reference PSF model from (23, 23) to (57, 57)
INFO 2023-08-26T10:31:26.637+00:00 lsst.ip.diffim.generateAlardLuptonBasisList (makeWarp:{instrument: 'LSSTCam-imSim', skymap: 'DC2', tract: 4431, patch: 17, visit: 924086, ...})(makeKernelBasisList.py:192) - PSF sigmas are not available or scaling by fwhm disabled, falling back to config values
INFO 2023-08-26T10:31:33.304+00:00 lsst.makeWarp.warpAndPsfMatch.psfMatch (makeWarp:{instrument: 'LSSTCam-imSim', skymap: 'DC2', tract: 4431, patch: 17, visit: 924086, ...})(modelPsfMatch.py:358) - Psf-match science exposure to reference
INFO 2023-08-26T10:31:38.767+00:00 lsst.makeWarp.warpAndPsfMatch.psfMatch (makeWarp:{instrument: 'LSSTCam-imSim', skymap: 'DC2', tract: 4431, patch: 17, visit: 924086, ...})(modelPsfMatch.py:373) - done
INFO 2023-08-26T10:31:38.837+00:00 lsst.makeWarp (makeWarp:{instrument: 'LSSTCam-imSim', skymap: 'DC2', tract: 4431, patch: 17, visit: 924086, ...})(makeWarp.py:494) - directWarp has 16136708 good pixels (91.5%)
INFO 2023-08-26T10:31:38.841+00:00 lsst.makeWarp (makeWarp:{instrument: 'LSSTCam-imSim', skymap: 'DC2', tract: 4431, patch: 17, visit: 924086, ...})(makeWarp.py:494) - psfMatchedWarp has 15929402 good pixels (90.3%)
INFO 2023-08-26T10:31:47.445+00:00 lsst.ctrl.mpexec.singleQuantumExecutor (makeWarp:{instrument: 'LSSTCam-imSim', skymap: 'DC2', tract: 4431, patch: 17, visit: 924086, ...})(singleQuantumExecutor.py:232) - Execution of task 'makeWarp' on quantum {instrument: 'LSSTCam-imSim', skymap: 'DC2', tract: 4431, patch: 17, visit: 924086, ...} took 147.105 seconds
INFO 2023-08-26T10:31:47.468+00:00 lsst.ctrl.mpexec.singleQuantumExecutor ()(singleQuantumExecutor.py:654) - Log records could not be stored in this butler because the datastore can not ingest files, empty record list is stored instead.
INFO 2023-08-26T10:31:48.247+00:00 lsst.ctrl.mpexec.mpGraphExecutor ()(mpGraphExecutor.py:518) - Executed 3 quanta successfully, 0 failed and 4 remain out of total 7 quanta.
INFO 2023-08-26T10:31:58.763+00:00 lsst.makeWarp.select (makeWarp:{instrument: 'LSSTCam-imSim', skymap: 'DC2', tract: 4431, patch: 17, visit: 929477, ...})(selectImages.py:228) - Selecting calexp {instrument: 'LSSTCam-imSim', detector: 52, visit: 929477, ...}
INFO 2023-08-26T10:31:58.764+00:00 lsst.makeWarp.select (makeWarp:{instrument: 'LSSTCam-imSim', skymap: 'DC2', tract: 4431, patch: 17, visit: 929477, ...})(selectImages.py:228) - Selecting calexp {instrument: 'LSSTCam-imSim', detector: 90, visit: 929477, ...}
INFO 2023-08-26T10:31:58.765+00:00 lsst.makeWarp.select (makeWarp:{instrument: 'LSSTCam-imSim', skymap: 'DC2', tract: 4431, patch: 17, visit: 929477, ...})(selectImages.py:228) - Selecting calexp {instrument: 'LSSTCam-imSim', detector: 91, visit: 929477, ...}
INFO 2023-08-26T10:31:58.765+00:00 lsst.makeWarp.select (makeWarp:{instrument: 'LSSTCam-imSim', skymap: 'DC2', tract: 4431, patch: 17, visit: 929477, ...})(selectImages.py:228) - Selecting calexp {instrument: 'LSSTCam-imSim', detector: 92, visit: 929477, ...}
INFO 2023-08-26T10:31:58.766+00:00 lsst.makeWarp.select (makeWarp:{instrument: 'LSSTCam-imSim', skymap: 'DC2', tract: 4431, patch: 17, visit: 929477, ...})(selectImages.py:228) - Selecting calexp {instrument: 'LSSTCam-imSim', detector: 94, visit: 929477, ...}
INFO 2023-08-26T10:32:06.702+00:00 lsst.makeWarp (makeWarp:{instrument: 'LSSTCam-imSim', skymap: 'DC2', tract: 4431, patch: 17, visit: 929477, ...})(makeWarp.py:448) - Processing calexp 1 of 5 for this Warp: id={instrument: 'LSSTCam-imSim', detector: 52, visit: 929477, ...}
INFO 2023-08-26T10:32:08.060+00:00 lsst.makeWarp.warpAndPsfMatch.psfMatch (makeWarp:{instrument: 'LSSTCam-imSim', skymap: 'DC2', tract: 4431, patch: 17, visit: 929477, ...})(modelPsfMatch.py:335) - compute Psf-matching kernel
INFO 2023-08-26T10:32:08.233+00:00 lsst.makeWarp.warpAndPsfMatch.psfMatch (makeWarp:{instrument: 'LSSTCam-imSim', skymap: 'DC2', tract: 4431, patch: 17, visit: 929477, ...})(modelPsfMatch.py:483) - Adjusted dimensions of reference PSF model from (23, 23) to (55, 55)
INFO 2023-08-26T10:32:08.657+00:00 lsst.ip.diffim.generateAlardLuptonBasisList (makeWarp:{instrument: 'LSSTCam-imSim', skymap: 'DC2', tract: 4431, patch: 17, visit: 929477, ...})(makeKernelBasisList.py:192) - PSF sigmas are not available or scaling by fwhm disabled, falling back to config values
INFO 2023-08-26T10:32:12.621+00:00 lsst.makeWarp.warpAndPsfMatch.psfMatch (makeWarp:{instrument: 'LSSTCam-imSim', skymap: 'DC2', tract: 4431, patch: 17, visit: 929477, ...})(modelPsfMatch.py:358) - Psf-match science exposure to reference
INFO 2023-08-26T10:32:15.805+00:00 lsst.makeWarp.warpAndPsfMatch.psfMatch (makeWarp:{instrument: 'LSSTCam-imSim', skymap: 'DC2', tract: 4431, patch: 17, visit: 929477, ...})(modelPsfMatch.py:373) - done
INFO 2023-08-26T10:32:15.827+00:00 lsst.makeWarp (makeWarp:{instrument: 'LSSTCam-imSim', skymap: 'DC2', tract: 4431, patch: 17, visit: 929477, ...})(makeWarp.py:448) - Processing calexp 2 of 5 for this Warp: id={instrument: 'LSSTCam-imSim', detector: 90, visit: 929477, ...}
INFO 2023-08-26T10:32:19.025+00:00 lsst.makeWarp.warpAndPsfMatch.psfMatch (makeWarp:{instrument: 'LSSTCam-imSim', skymap: 'DC2', tract: 4431, patch: 17, visit: 929477, ...})(modelPsfMatch.py:335) - compute Psf-matching kernel
INFO 2023-08-26T10:32:19.347+00:00 lsst.makeWarp.warpAndPsfMatch.psfMatch (makeWarp:{instrument: 'LSSTCam-imSim', skymap: 'DC2', tract: 4431, patch: 17, visit: 929477, ...})(modelPsfMatch.py:483) - Adjusted dimensions of reference PSF model from (23, 23) to (55, 55)
INFO 2023-08-26T10:32:20.100+00:00 lsst.ip.diffim.generateAlardLuptonBasisList (makeWarp:{instrument: 'LSSTCam-imSim', skymap: 'DC2', tract: 4431, patch: 17, visit: 929477, ...})(makeKernelBasisList.py:192) - PSF sigmas are not available or scaling by fwhm disabled, falling back to config values
INFO 2023-08-26T10:32:26.828+00:00 lsst.makeWarp.warpAndPsfMatch.psfMatch (makeWarp:{instrument: 'LSSTCam-imSim', skymap: 'DC2', tract: 4431, patch: 17, visit: 929477, ...})(modelPsfMatch.py:358) - Psf-match science exposure to reference
INFO 2023-08-26T10:32:32.788+00:00 lsst.makeWarp.warpAndPsfMatch.psfMatch (makeWarp:{instrument: 'LSSTCam-imSim', skymap: 'DC2', tract: 4431, patch: 17, visit: 929477, ...})(modelPsfMatch.py:373) - done
INFO 2023-08-26T10:32:32.836+00:00 lsst.makeWarp (makeWarp:{instrument: 'LSSTCam-imSim', skymap: 'DC2', tract: 4431, patch: 17, visit: 929477, ...})(makeWarp.py:448) - Processing calexp 3 of 5 for this Warp: id={instrument: 'LSSTCam-imSim', detector: 91, visit: 929477, ...}
INFO 2023-08-26T10:32:51.841+00:00 lsst.makeWarp.warpAndPsfMatch.psfMatch (makeWarp:{instrument: 'LSSTCam-imSim', skymap: 'DC2', tract: 4431, patch: 17, visit: 929477, ...})(modelPsfMatch.py:335) - compute Psf-matching kernel
INFO 2023-08-26T10:32:52.865+00:00 lsst.makeWarp.warpAndPsfMatch.psfMatch (makeWarp:{instrument: 'LSSTCam-imSim', skymap: 'DC2', tract: 4431, patch: 17, visit: 929477, ...})(modelPsfMatch.py:483) - Adjusted dimensions of reference PSF model from (23, 23) to (55, 55)
INFO 2023-08-26T10:32:55.524+00:00 lsst.ip.diffim.generateAlardLuptonBasisList (makeWarp:{instrument: 'LSSTCam-imSim', skymap: 'DC2', tract: 4431, patch: 17, visit: 929477, ...})(makeKernelBasisList.py:192) - PSF sigmas are not available or scaling by fwhm disabled, falling back to config values
INFO 2023-08-26T10:33:19.111+00:00 lsst.makeWarp.warpAndPsfMatch.psfMatch (makeWarp:{instrument: 'LSSTCam-imSim', skymap: 'DC2', tract: 4431, patch: 17, visit: 929477, ...})(modelPsfMatch.py:358) - Psf-match science exposure to reference
INFO 2023-08-26T10:33:43.386+00:00 lsst.makeWarp.warpAndPsfMatch.psfMatch (makeWarp:{instrument: 'LSSTCam-imSim', skymap: 'DC2', tract: 4431, patch: 17, visit: 929477, ...})(modelPsfMatch.py:373) - done
INFO 2023-08-26T10:33:43.603+00:00 lsst.makeWarp (makeWarp:{instrument: 'LSSTCam-imSim', skymap: 'DC2', tract: 4431, patch: 17, visit: 929477, ...})(makeWarp.py:448) - Processing calexp 4 of 5 for this Warp: id={instrument: 'LSSTCam-imSim', detector: 92, visit: 929477, ...}
INFO 2023-08-26T10:33:44.251+00:00 lsst.makeWarp.warpAndPsfMatch.psfMatch (makeWarp:{instrument: 'LSSTCam-imSim', skymap: 'DC2', tract: 4431, patch: 17, visit: 929477, ...})(modelPsfMatch.py:335) - compute Psf-matching kernel
INFO 2023-08-26T10:33:44.442+00:00 lsst.makeWarp.warpAndPsfMatch.psfMatch (makeWarp:{instrument: 'LSSTCam-imSim', skymap: 'DC2', tract: 4431, patch: 17, visit: 929477, ...})(modelPsfMatch.py:483) - Adjusted dimensions of reference PSF model from (23, 23) to (55, 55)
INFO 2023-08-26T10:33:44.850+00:00 lsst.ip.diffim.generateAlardLuptonBasisList (makeWarp:{instrument: 'LSSTCam-imSim', skymap: 'DC2', tract: 4431, patch: 17, visit: 929477, ...})(makeKernelBasisList.py:192) - PSF sigmas are not available or scaling by fwhm disabled, falling back to config values
INFO 2023-08-26T10:33:48.407+00:00 lsst.makeWarp.warpAndPsfMatch.psfMatch (makeWarp:{instrument: 'LSSTCam-imSim', skymap: 'DC2', tract: 4431, patch: 17, visit: 929477, ...})(modelPsfMatch.py:358) - Psf-match science exposure to reference
INFO 2023-08-26T10:33:51.140+00:00 lsst.makeWarp.warpAndPsfMatch.psfMatch (makeWarp:{instrument: 'LSSTCam-imSim', skymap: 'DC2', tract: 4431, patch: 17, visit: 929477, ...})(modelPsfMatch.py:373) - done
INFO 2023-08-26T10:33:51.207+00:00 lsst.makeWarp (makeWarp:{instrument: 'LSSTCam-imSim', skymap: 'DC2', tract: 4431, patch: 17, visit: 929477, ...})(makeWarp.py:448) - Processing calexp 5 of 5 for this Warp: id={instrument: 'LSSTCam-imSim', detector: 94, visit: 929477, ...}
INFO 2023-08-26T10:33:54.101+00:00 lsst.makeWarp.warpAndPsfMatch.psfMatch (makeWarp:{instrument: 'LSSTCam-imSim', skymap: 'DC2', tract: 4431, patch: 17, visit: 929477, ...})(modelPsfMatch.py:335) - compute Psf-matching kernel
INFO 2023-08-26T10:33:54.389+00:00 lsst.makeWarp.warpAndPsfMatch.psfMatch (makeWarp:{instrument: 'LSSTCam-imSim', skymap: 'DC2', tract: 4431, patch: 17, visit: 929477, ...})(modelPsfMatch.py:483) - Adjusted dimensions of reference PSF model from (23, 23) to (55, 55)
INFO 2023-08-26T10:33:55.078+00:00 lsst.ip.diffim.generateAlardLuptonBasisList (makeWarp:{instrument: 'LSSTCam-imSim', skymap: 'DC2', tract: 4431, patch: 17, visit: 929477, ...})(makeKernelBasisList.py:192) - PSF sigmas are not available or scaling by fwhm disabled, falling back to config values
INFO 2023-08-26T10:34:01.547+00:00 lsst.makeWarp.warpAndPsfMatch.psfMatch (makeWarp:{instrument: 'LSSTCam-imSim', skymap: 'DC2', tract: 4431, patch: 17, visit: 929477, ...})(modelPsfMatch.py:358) - Psf-match science exposure to reference
INFO 2023-08-26T10:34:07.424+00:00 lsst.makeWarp.warpAndPsfMatch.psfMatch (makeWarp:{instrument: 'LSSTCam-imSim', skymap: 'DC2', tract: 4431, patch: 17, visit: 929477, ...})(modelPsfMatch.py:373) - done
INFO 2023-08-26T10:34:07.477+00:00 lsst.makeWarp (makeWarp:{instrument: 'LSSTCam-imSim', skymap: 'DC2', tract: 4431, patch: 17, visit: 929477, ...})(makeWarp.py:494) - directWarp has 16280498 good pixels (92.3%)
INFO 2023-08-26T10:34:07.481+00:00 lsst.makeWarp (makeWarp:{instrument: 'LSSTCam-imSim', skymap: 'DC2', tract: 4431, patch: 17, visit: 929477, ...})(makeWarp.py:494) - psfMatchedWarp has 16091293 good pixels (91.2%)
INFO 2023-08-26T10:34:15.624+00:00 lsst.ctrl.mpexec.singleQuantumExecutor (makeWarp:{instrument: 'LSSTCam-imSim', skymap: 'DC2', tract: 4431, patch: 17, visit: 929477, ...})(singleQuantumExecutor.py:232) - Execution of task 'makeWarp' on quantum {instrument: 'LSSTCam-imSim', skymap: 'DC2', tract: 4431, patch: 17, visit: 929477, ...} took 147.375 seconds
INFO 2023-08-26T10:34:15.637+00:00 lsst.ctrl.mpexec.singleQuantumExecutor ()(singleQuantumExecutor.py:654) - Log records could not be stored in this butler because the datastore can not ingest files, empty record list is stored instead.
INFO 2023-08-26T10:34:16.425+00:00 lsst.ctrl.mpexec.mpGraphExecutor ()(mpGraphExecutor.py:518) - Executed 4 quanta successfully, 0 failed and 3 remain out of total 7 quanta.
INFO 2023-08-26T10:34:21.398+00:00 lsst.makeWarp.select (makeWarp:{instrument: 'LSSTCam-imSim', skymap: 'DC2', tract: 4431, patch: 17, visit: 924057, ...})(selectImages.py:228) - Selecting calexp {instrument: 'LSSTCam-imSim', detector: 30, visit: 924057, ...}
INFO 2023-08-26T10:34:21.399+00:00 lsst.makeWarp.select (makeWarp:{instrument: 'LSSTCam-imSim', skymap: 'DC2', tract: 4431, patch: 17, visit: 924057, ...})(selectImages.py:228) - Selecting calexp {instrument: 'LSSTCam-imSim', detector: 31, visit: 924057, ...}
INFO 2023-08-26T10:34:21.399+00:00 lsst.makeWarp.select (makeWarp:{instrument: 'LSSTCam-imSim', skymap: 'DC2', tract: 4431, patch: 17, visit: 924057, ...})(selectImages.py:228) - Selecting calexp {instrument: 'LSSTCam-imSim', detector: 33, visit: 924057, ...}
INFO 2023-08-26T10:34:21.400+00:00 lsst.makeWarp.select (makeWarp:{instrument: 'LSSTCam-imSim', skymap: 'DC2', tract: 4431, patch: 17, visit: 924057, ...})(selectImages.py:228) - Selecting calexp {instrument: 'LSSTCam-imSim', detector: 34, visit: 924057, ...}
INFO 2023-08-26T10:34:26.229+00:00 lsst.makeWarp (makeWarp:{instrument: 'LSSTCam-imSim', skymap: 'DC2', tract: 4431, patch: 17, visit: 924057, ...})(makeWarp.py:448) - Processing calexp 1 of 4 for this Warp: id={instrument: 'LSSTCam-imSim', detector: 30, visit: 924057, ...}
INFO 2023-08-26T10:34:35.205+00:00 lsst.makeWarp.warpAndPsfMatch.psfMatch (makeWarp:{instrument: 'LSSTCam-imSim', skymap: 'DC2', tract: 4431, patch: 17, visit: 924057, ...})(modelPsfMatch.py:335) - compute Psf-matching kernel
INFO 2023-08-26T10:34:35.664+00:00 lsst.makeWarp.warpAndPsfMatch.psfMatch (makeWarp:{instrument: 'LSSTCam-imSim', skymap: 'DC2', tract: 4431, patch: 17, visit: 924057, ...})(modelPsfMatch.py:483) - Adjusted dimensions of reference PSF model from (23, 23) to (57, 57)
INFO 2023-08-26T10:34:36.784+00:00 lsst.ip.diffim.generateAlardLuptonBasisList (makeWarp:{instrument: 'LSSTCam-imSim', skymap: 'DC2', tract: 4431, patch: 17, visit: 924057, ...})(makeKernelBasisList.py:192) - PSF sigmas are not available or scaling by fwhm disabled, falling back to config values
INFO 2023-08-26T10:34:49.311+00:00 lsst.makeWarp.warpAndPsfMatch.psfMatch (makeWarp:{instrument: 'LSSTCam-imSim', skymap: 'DC2', tract: 4431, patch: 17, visit: 924057, ...})(modelPsfMatch.py:358) - Psf-match science exposure to reference
INFO 2023-08-26T10:34:59.849+00:00 lsst.makeWarp.warpAndPsfMatch.psfMatch (makeWarp:{instrument: 'LSSTCam-imSim', skymap: 'DC2', tract: 4431, patch: 17, visit: 924057, ...})(modelPsfMatch.py:373) - done
INFO 2023-08-26T10:34:59.925+00:00 lsst.makeWarp (makeWarp:{instrument: 'LSSTCam-imSim', skymap: 'DC2', tract: 4431, patch: 17, visit: 924057, ...})(makeWarp.py:448) - Processing calexp 2 of 4 for this Warp: id={instrument: 'LSSTCam-imSim', detector: 31, visit: 924057, ...}
INFO 2023-08-26T10:35:00.457+00:00 lsst.makeWarp.warpAndPsfMatch.psfMatch (makeWarp:{instrument: 'LSSTCam-imSim', skymap: 'DC2', tract: 4431, patch: 17, visit: 924057, ...})(modelPsfMatch.py:335) - compute Psf-matching kernel
INFO 2023-08-26T10:35:00.617+00:00 lsst.makeWarp.warpAndPsfMatch.psfMatch (makeWarp:{instrument: 'LSSTCam-imSim', skymap: 'DC2', tract: 4431, patch: 17, visit: 924057, ...})(modelPsfMatch.py:483) - Adjusted dimensions of reference PSF model from (23, 23) to (57, 57)
INFO 2023-08-26T10:35:01.029+00:00 lsst.ip.diffim.generateAlardLuptonBasisList (makeWarp:{instrument: 'LSSTCam-imSim', skymap: 'DC2', tract: 4431, patch: 17, visit: 924057, ...})(makeKernelBasisList.py:192) - PSF sigmas are not available or scaling by fwhm disabled, falling back to config values
INFO 2023-08-26T10:35:05.210+00:00 lsst.makeWarp.warpAndPsfMatch.psfMatch (makeWarp:{instrument: 'LSSTCam-imSim', skymap: 'DC2', tract: 4431, patch: 17, visit: 924057, ...})(modelPsfMatch.py:358) - Psf-match science exposure to reference
INFO 2023-08-26T10:35:07.935+00:00 lsst.makeWarp.warpAndPsfMatch.psfMatch (makeWarp:{instrument: 'LSSTCam-imSim', skymap: 'DC2', tract: 4431, patch: 17, visit: 924057, ...})(modelPsfMatch.py:373) - done
INFO 2023-08-26T10:35:07.964+00:00 lsst.makeWarp (makeWarp:{instrument: 'LSSTCam-imSim', skymap: 'DC2', tract: 4431, patch: 17, visit: 924057, ...})(makeWarp.py:448) - Processing calexp 3 of 4 for this Warp: id={instrument: 'LSSTCam-imSim', detector: 33, visit: 924057, ...}
INFO 2023-08-26T10:35:23.393+00:00 lsst.makeWarp.warpAndPsfMatch.psfMatch (makeWarp:{instrument: 'LSSTCam-imSim', skymap: 'DC2', tract: 4431, patch: 17, visit: 924057, ...})(modelPsfMatch.py:335) - compute Psf-matching kernel
INFO 2023-08-26T10:35:24.197+00:00 lsst.makeWarp.warpAndPsfMatch.psfMatch (makeWarp:{instrument: 'LSSTCam-imSim', skymap: 'DC2', tract: 4431, patch: 17, visit: 924057, ...})(modelPsfMatch.py:483) - Adjusted dimensions of reference PSF model from (23, 23) to (57, 57)
INFO 2023-08-26T10:35:26.347+00:00 lsst.ip.diffim.generateAlardLuptonBasisList (makeWarp:{instrument: 'LSSTCam-imSim', skymap: 'DC2', tract: 4431, patch: 17, visit: 924057, ...})(makeKernelBasisList.py:192) - PSF sigmas are not available or scaling by fwhm disabled, falling back to config values
INFO 2023-08-26T10:35:48.762+00:00 lsst.makeWarp.warpAndPsfMatch.psfMatch (makeWarp:{instrument: 'LSSTCam-imSim', skymap: 'DC2', tract: 4431, patch: 17, visit: 924057, ...})(modelPsfMatch.py:358) - Psf-match science exposure to reference
INFO 2023-08-26T10:36:08.135+00:00 lsst.makeWarp.warpAndPsfMatch.psfMatch (makeWarp:{instrument: 'LSSTCam-imSim', skymap: 'DC2', tract: 4431, patch: 17, visit: 924057, ...})(modelPsfMatch.py:373) - done
INFO 2023-08-26T10:36:08.325+00:00 lsst.makeWarp (makeWarp:{instrument: 'LSSTCam-imSim', skymap: 'DC2', tract: 4431, patch: 17, visit: 924057, ...})(makeWarp.py:448) - Processing calexp 4 of 4 for this Warp: id={instrument: 'LSSTCam-imSim', detector: 34, visit: 924057, ...}
INFO 2023-08-26T10:36:11.513+00:00 lsst.makeWarp.warpAndPsfMatch.psfMatch (makeWarp:{instrument: 'LSSTCam-imSim', skymap: 'DC2', tract: 4431, patch: 17, visit: 924057, ...})(modelPsfMatch.py:335) - compute Psf-matching kernel
INFO 2023-08-26T10:36:11.812+00:00 lsst.makeWarp.warpAndPsfMatch.psfMatch (makeWarp:{instrument: 'LSSTCam-imSim', skymap: 'DC2', tract: 4431, patch: 17, visit: 924057, ...})(modelPsfMatch.py:483) - Adjusted dimensions of reference PSF model from (23, 23) to (57, 57)
INFO 2023-08-26T10:36:12.565+00:00 lsst.ip.diffim.generateAlardLuptonBasisList (makeWarp:{instrument: 'LSSTCam-imSim', skymap: 'DC2', tract: 4431, patch: 17, visit: 924057, ...})(makeKernelBasisList.py:192) - PSF sigmas are not available or scaling by fwhm disabled, falling back to config values
INFO 2023-08-26T10:36:20.287+00:00 lsst.makeWarp.warpAndPsfMatch.psfMatch (makeWarp:{instrument: 'LSSTCam-imSim', skymap: 'DC2', tract: 4431, patch: 17, visit: 924057, ...})(modelPsfMatch.py:358) - Psf-match science exposure to reference
INFO 2023-08-26T10:36:26.628+00:00 lsst.makeWarp.warpAndPsfMatch.psfMatch (makeWarp:{instrument: 'LSSTCam-imSim', skymap: 'DC2', tract: 4431, patch: 17, visit: 924057, ...})(modelPsfMatch.py:373) - done
INFO 2023-08-26T10:36:26.699+00:00 lsst.makeWarp (makeWarp:{instrument: 'LSSTCam-imSim', skymap: 'DC2', tract: 4431, patch: 17, visit: 924057, ...})(makeWarp.py:494) - directWarp has 16098179 good pixels (91.3%)
INFO 2023-08-26T10:36:26.703+00:00 lsst.makeWarp (makeWarp:{instrument: 'LSSTCam-imSim', skymap: 'DC2', tract: 4431, patch: 17, visit: 924057, ...})(makeWarp.py:494) - psfMatchedWarp has 15894357 good pixels (90.1%)
INFO 2023-08-26T10:36:34.389+00:00 lsst.ctrl.mpexec.singleQuantumExecutor (makeWarp:{instrument: 'LSSTCam-imSim', skymap: 'DC2', tract: 4431, patch: 17, visit: 924057, ...})(singleQuantumExecutor.py:232) - Execution of task 'makeWarp' on quantum {instrument: 'LSSTCam-imSim', skymap: 'DC2', tract: 4431, patch: 17, visit: 924057, ...} took 137.960 seconds
INFO 2023-08-26T10:36:34.404+00:00 lsst.ctrl.mpexec.singleQuantumExecutor ()(singleQuantumExecutor.py:654) - Log records could not be stored in this butler because the datastore can not ingest files, empty record list is stored instead.
INFO 2023-08-26T10:36:35.161+00:00 lsst.ctrl.mpexec.mpGraphExecutor ()(mpGraphExecutor.py:518) - Executed 5 quanta successfully, 0 failed and 2 remain out of total 7 quanta.
INFO 2023-08-26T10:36:36.785+00:00 lsst.makeWarp.select (makeWarp:{instrument: 'LSSTCam-imSim', skymap: 'DC2', tract: 4431, patch: 17, visit: 924085, ...})(selectImages.py:228) - Selecting calexp {instrument: 'LSSTCam-imSim', detector: 178, visit: 924085, ...}
INFO 2023-08-26T10:36:38.123+00:00 lsst.makeWarp (makeWarp:{instrument: 'LSSTCam-imSim', skymap: 'DC2', tract: 4431, patch: 17, visit: 924085, ...})(makeWarp.py:448) - Processing calexp 1 of 1 for this Warp: id={instrument: 'LSSTCam-imSim', detector: 178, visit: 924085, ...}
INFO 2023-08-26T10:36:41.183+00:00 lsst.makeWarp.warpAndPsfMatch.psfMatch (makeWarp:{instrument: 'LSSTCam-imSim', skymap: 'DC2', tract: 4431, patch: 17, visit: 924085, ...})(modelPsfMatch.py:335) - compute Psf-matching kernel
INFO 2023-08-26T10:36:41.469+00:00 lsst.makeWarp.warpAndPsfMatch.psfMatch (makeWarp:{instrument: 'LSSTCam-imSim', skymap: 'DC2', tract: 4431, patch: 17, visit: 924085, ...})(modelPsfMatch.py:483) - Adjusted dimensions of reference PSF model from (23, 23) to (57, 57)
INFO 2023-08-26T10:36:42.143+00:00 lsst.ip.diffim.generateAlardLuptonBasisList (makeWarp:{instrument: 'LSSTCam-imSim', skymap: 'DC2', tract: 4431, patch: 17, visit: 924085, ...})(makeKernelBasisList.py:192) - PSF sigmas are not available or scaling by fwhm disabled, falling back to config values
INFO 2023-08-26T10:36:49.542+00:00 lsst.makeWarp.warpAndPsfMatch.psfMatch (makeWarp:{instrument: 'LSSTCam-imSim', skymap: 'DC2', tract: 4431, patch: 17, visit: 924085, ...})(modelPsfMatch.py:358) - Psf-match science exposure to reference
INFO 2023-08-26T10:36:55.251+00:00 lsst.makeWarp.warpAndPsfMatch.psfMatch (makeWarp:{instrument: 'LSSTCam-imSim', skymap: 'DC2', tract: 4431, patch: 17, visit: 924085, ...})(modelPsfMatch.py:373) - done
INFO 2023-08-26T10:36:55.287+00:00 lsst.makeWarp (makeWarp:{instrument: 'LSSTCam-imSim', skymap: 'DC2', tract: 4431, patch: 17, visit: 924085, ...})(makeWarp.py:494) - directWarp has 831332 good pixels (4.7%)
INFO 2023-08-26T10:36:55.289+00:00 lsst.makeWarp (makeWarp:{instrument: 'LSSTCam-imSim', skymap: 'DC2', tract: 4431, patch: 17, visit: 924085, ...})(makeWarp.py:494) - psfMatchedWarp has 805735 good pixels (4.6%)
INFO 2023-08-26T10:36:57.936+00:00 lsst.ctrl.mpexec.singleQuantumExecutor (makeWarp:{instrument: 'LSSTCam-imSim', skymap: 'DC2', tract: 4431, patch: 17, visit: 924085, ...})(singleQuantumExecutor.py:232) - Execution of task 'makeWarp' on quantum {instrument: 'LSSTCam-imSim', skymap: 'DC2', tract: 4431, patch: 17, visit: 924085, ...} took 22.771 seconds
INFO 2023-08-26T10:36:57.951+00:00 lsst.ctrl.mpexec.singleQuantumExecutor ()(singleQuantumExecutor.py:654) - Log records could not be stored in this butler because the datastore can not ingest files, empty record list is stored instead.
INFO 2023-08-26T10:36:58.655+00:00 lsst.ctrl.mpexec.mpGraphExecutor ()(mpGraphExecutor.py:518) - Executed 6 quanta successfully, 0 failed and 1 remain out of total 7 quanta.
INFO 2023-08-26T10:37:01.192+00:00 lsst.assembleCoadd (assembleCoadd:{band: 'i', skymap: 'DC2', tract: 4431, patch: 17})(assembleCoadd.py:556) - Weight of deepCoadd_directWarp {instrument: 'LSSTCam-imSim', skymap: 'DC2', tract: 4431, patch: 17, visit: 919515, ...} = 3.466
INFO 2023-08-26T10:37:02.733+00:00 lsst.assembleCoadd (assembleCoadd:{band: 'i', skymap: 'DC2', tract: 4431, patch: 17})(assembleCoadd.py:556) - Weight of deepCoadd_directWarp {instrument: 'LSSTCam-imSim', skymap: 'DC2', tract: 4431, patch: 17, visit: 924057, ...} = 4.384
INFO 2023-08-26T10:37:03.410+00:00 lsst.assembleCoadd (assembleCoadd:{band: 'i', skymap: 'DC2', tract: 4431, patch: 17})(assembleCoadd.py:556) - Weight of deepCoadd_directWarp {instrument: 'LSSTCam-imSim', skymap: 'DC2', tract: 4431, patch: 17, visit: 924085, ...} = 4.447
INFO 2023-08-26T10:37:05.690+00:00 lsst.assembleCoadd (assembleCoadd:{band: 'i', skymap: 'DC2', tract: 4431, patch: 17})(assembleCoadd.py:556) - Weight of deepCoadd_directWarp {instrument: 'LSSTCam-imSim', skymap: 'DC2', tract: 4431, patch: 17, visit: 924086, ...} = 4.550
INFO 2023-08-26T10:37:07.965+00:00 lsst.assembleCoadd (assembleCoadd:{band: 'i', skymap: 'DC2', tract: 4431, patch: 17})(assembleCoadd.py:556) - Weight of deepCoadd_directWarp {instrument: 'LSSTCam-imSim', skymap: 'DC2', tract: 4431, patch: 17, visit: 929477, ...} = 4.051
INFO 2023-08-26T10:37:10.471+00:00 lsst.assembleCoadd (assembleCoadd:{band: 'i', skymap: 'DC2', tract: 4431, patch: 17})(assembleCoadd.py:556) - Weight of deepCoadd_directWarp {instrument: 'LSSTCam-imSim', skymap: 'DC2', tract: 4431, patch: 17, visit: 930353, ...} = 3.769
INFO 2023-08-26T10:37:10.473+00:00 lsst.assembleCoadd (assembleCoadd:{band: 'i', skymap: 'DC2', tract: 4431, patch: 17})(assembleCoadd.py:427) - Found 6 deepCoadd_directWarp
INFO 2023-08-26T10:37:12.323+00:00 lsst.assembleCoadd.assembleStaticSkyModel (assembleCoadd:{band: 'i', skymap: 'DC2', tract: 4431, patch: 17})(assembleCoadd.py:556) - Weight of deepCoadd_psfMatchedWarp {instrument: 'LSSTCam-imSim', skymap: 'DC2', tract: 4431, patch: 17, visit: 919515, ...} = 237.689
INFO 2023-08-26T10:37:14.500+00:00 lsst.assembleCoadd.assembleStaticSkyModel (assembleCoadd:{band: 'i', skymap: 'DC2', tract: 4431, patch: 17})(assembleCoadd.py:556) - Weight of deepCoadd_psfMatchedWarp {instrument: 'LSSTCam-imSim', skymap: 'DC2', tract: 4431, patch: 17, visit: 924057, ...} = 303.107
INFO 2023-08-26T10:37:15.617+00:00 lsst.assembleCoadd.assembleStaticSkyModel (assembleCoadd:{band: 'i', skymap: 'DC2', tract: 4431, patch: 17})(assembleCoadd.py:556) - Weight of deepCoadd_psfMatchedWarp {instrument: 'LSSTCam-imSim', skymap: 'DC2', tract: 4431, patch: 17, visit: 924085, ...} = 307.386
INFO 2023-08-26T10:37:17.777+00:00 lsst.assembleCoadd.assembleStaticSkyModel (assembleCoadd:{band: 'i', skymap: 'DC2', tract: 4431, patch: 17})(assembleCoadd.py:556) - Weight of deepCoadd_psfMatchedWarp {instrument: 'LSSTCam-imSim', skymap: 'DC2', tract: 4431, patch: 17, visit: 924086, ...} = 294.087
INFO 2023-08-26T10:37:19.986+00:00 lsst.assembleCoadd.assembleStaticSkyModel (assembleCoadd:{band: 'i', skymap: 'DC2', tract: 4431, patch: 17})(assembleCoadd.py:556) - Weight of deepCoadd_psfMatchedWarp {instrument: 'LSSTCam-imSim', skymap: 'DC2', tract: 4431, patch: 17, visit: 929477, ...} = 350.132
INFO 2023-08-26T10:37:22.171+00:00 lsst.assembleCoadd.assembleStaticSkyModel (assembleCoadd:{band: 'i', skymap: 'DC2', tract: 4431, patch: 17})(assembleCoadd.py:556) - Weight of deepCoadd_psfMatchedWarp {instrument: 'LSSTCam-imSim', skymap: 'DC2', tract: 4431, patch: 17, visit: 930353, ...} = 200.529
INFO 2023-08-26T10:37:22.173+00:00 lsst.assembleCoadd.assembleStaticSkyModel (assembleCoadd:{band: 'i', skymap: 'DC2', tract: 4431, patch: 17})(assembleCoadd.py:427) - Found 6 deepCoadd_psfMatchedWarp
INFO 2023-08-26T10:37:22.174+00:00 lsst.assembleCoadd.assembleStaticSkyModel (assembleCoadd:{band: 'i', skymap: 'DC2', tract: 4431, patch: 17})(assembleCoadd.py:654) - Assembling 6 deepCoadd_psfMatchedWarp
INFO 2023-08-26T10:39:25.518+00:00 lsst.assembleCoadd.assembleStaticSkyModel.interpImage (assembleCoadd:{band: 'i', skymap: 'DC2', tract: 4431, patch: 17})(interpImage.py:184) - Creating psf model for interpolation from fwhm(pixels) = 3.0 [default]
INFO 2023-08-26T10:39:25.794+00:00 lsst.assembleCoadd.assembleStaticSkyModel.interpImage (assembleCoadd:{band: 'i', skymap: 'DC2', tract: 4431, patch: 17})(interpImage.py:120) - fallbackValueType MEDIAN has been set to 0.0018
INFO 2023-08-26T10:39:25.795+00:00 lsst.assembleCoadd.assembleStaticSkyModel.interpImage (assembleCoadd:{band: 'i', skymap: 'DC2', tract: 4431, patch: 17})(interpImage.py:195) - Interpolated over 0 NO_DATA pixels.
INFO 2023-08-26T10:39:28.809+00:00 lsst.assembleCoadd.detectTemplate (assembleCoadd:{band: 'i', skymap: 'DC2', tract: 4431, patch: 17})(detection.py:598) - Detected 2763 positive peaks in 1888 footprints to 5 sigma
INFO 2023-08-26T10:39:31.384+00:00 lsst.assembleCoadd.scaleWarpVariance (assembleCoadd:{band: 'i', skymap: 'DC2', tract: 4431, patch: 17})(scaleVariance.py:130) - Renormalizing variance by 1.146336
INFO 2023-08-26T10:39:31.839+00:00 lsst.assembleCoadd.detect (assembleCoadd:{band: 'i', skymap: 'DC2', tract: 4431, patch: 17})(detection.py:598) - Detected 63 positive peaks in 35 footprints and 39 negative peaks in 24 footprints to 5 sigma
INFO 2023-08-26T10:39:38.935+00:00 lsst.assembleCoadd.scaleWarpVariance (assembleCoadd:{band: 'i', skymap: 'DC2', tract: 4431, patch: 17})(scaleVariance.py:130) - Renormalizing variance by 1.154961
INFO 2023-08-26T10:39:39.392+00:00 lsst.assembleCoadd.detect (assembleCoadd:{band: 'i', skymap: 'DC2', tract: 4431, patch: 17})(detection.py:598) - Detected 10 positive peaks in 4 footprints and 6 negative peaks in 5 footprints to 5 sigma
INFO 2023-08-26T10:39:44.736+00:00 lsst.assembleCoadd.scaleWarpVariance (assembleCoadd:{band: 'i', skymap: 'DC2', tract: 4431, patch: 17})(scaleVariance.py:130) - Renormalizing variance by 1.162910
INFO 2023-08-26T10:39:45.152+00:00 lsst.assembleCoadd.detect (assembleCoadd:{band: 'i', skymap: 'DC2', tract: 4431, patch: 17})(detection.py:598) - Detected 0 positive peaks in 0 footprints and 0 negative peaks in 0 footprints to 5 sigma
INFO 2023-08-26T10:39:52.082+00:00 lsst.assembleCoadd.scaleWarpVariance (assembleCoadd:{band: 'i', skymap: 'DC2', tract: 4431, patch: 17})(scaleVariance.py:130) - Renormalizing variance by 1.150889
INFO 2023-08-26T10:39:52.545+00:00 lsst.assembleCoadd.detect (assembleCoadd:{band: 'i', skymap: 'DC2', tract: 4431, patch: 17})(detection.py:598) - Detected 15 positive peaks in 12 footprints and 34 negative peaks in 20 footprints to 5 sigma
INFO 2023-08-26T10:39:59.766+00:00 lsst.assembleCoadd.scaleWarpVariance (assembleCoadd:{band: 'i', skymap: 'DC2', tract: 4431, patch: 17})(scaleVariance.py:130) - Renormalizing variance by 1.162911
INFO 2023-08-26T10:40:00.222+00:00 lsst.assembleCoadd.detect (assembleCoadd:{band: 'i', skymap: 'DC2', tract: 4431, patch: 17})(detection.py:598) - Detected 725 positive peaks in 151 footprints and 207 negative peaks in 126 footprints to 5 sigma
INFO 2023-08-26T10:40:07.200+00:00 lsst.assembleCoadd.scaleWarpVariance (assembleCoadd:{band: 'i', skymap: 'DC2', tract: 4431, patch: 17})(scaleVariance.py:130) - Renormalizing variance by 1.142096
INFO 2023-08-26T10:40:07.668+00:00 lsst.assembleCoadd.detect (assembleCoadd:{band: 'i', skymap: 'DC2', tract: 4431, patch: 17})(detection.py:598) - Detected 42 positive peaks in 36 footprints and 68 negative peaks in 25 footprints to 5 sigma
INFO 2023-08-26T10:40:12.883+00:00 lsst.assembleCoadd (assembleCoadd:{band: 'i', skymap: 'DC2', tract: 4431, patch: 17})(assembleCoadd.py:654) - Assembling 6 deepCoadd_directWarp
INFO 2023-08-26T10:42:01.337+00:00 lsst.assembleCoadd.interpImage (assembleCoadd:{band: 'i', skymap: 'DC2', tract: 4431, patch: 17})(interpImage.py:184) - Creating psf model for interpolation from fwhm(pixels) = 3.0 [default]
INFO 2023-08-26T10:42:01.681+00:00 lsst.assembleCoadd.interpImage (assembleCoadd:{band: 'i', skymap: 'DC2', tract: 4431, patch: 17})(interpImage.py:120) - fallbackValueType MEDIAN has been set to 0.0159
INFO 2023-08-26T10:42:01.703+00:00 lsst.assembleCoadd.interpImage (assembleCoadd:{band: 'i', skymap: 'DC2', tract: 4431, patch: 17})(interpImage.py:195) - Interpolated over 278 NO_DATA pixels.
INFO 2023-08-26T10:42:06.994+00:00 lsst.ctrl.mpexec.singleQuantumExecutor (assembleCoadd:{band: 'i', skymap: 'DC2', tract: 4431, patch: 17})(singleQuantumExecutor.py:232) - Execution of task 'assembleCoadd' on quantum {band: 'i', skymap: 'DC2', tract: 4431, patch: 17} took 308.336 seconds
INFO 2023-08-26T10:42:07.011+00:00 lsst.ctrl.mpexec.singleQuantumExecutor ()(singleQuantumExecutor.py:654) - Log records could not be stored in this butler because the datastore can not ingest files, empty record list is stored instead.
INFO 2023-08-26T10:42:07.640+00:00 lsst.ctrl.mpexec.mpGraphExecutor ()(mpGraphExecutor.py:518) - Executed 7 quanta successfully, 0 failed and 0 remain out of total 7 quanta.
Sat Aug 26 10:42:09 UTC 2023
