Sun Aug 27 12:11:14 UTC 2023
INFO 2023-08-27T12:27:03.171+00:00 lsst.ctrl.mpexec.cmdLineFwk ()(cmdLineFwk.py:581) - QuantumGraph contains 7 quanta for 2 tasks, graph ID: '1693139223.1643157-6058'
INFO 2023-08-27T12:27:26.869+00:00 lsst.makeWarp.select (makeWarp:{instrument: 'LSSTCam-imSim', skymap: 'DC2', tract: 4431, patch: 17, visit: 924057, ...})(selectImages.py:228) - Selecting calexp {instrument: 'LSSTCam-imSim', detector: 30, visit: 924057, ...}
INFO 2023-08-27T12:27:26.870+00:00 lsst.makeWarp.select (makeWarp:{instrument: 'LSSTCam-imSim', skymap: 'DC2', tract: 4431, patch: 17, visit: 924057, ...})(selectImages.py:228) - Selecting calexp {instrument: 'LSSTCam-imSim', detector: 31, visit: 924057, ...}
INFO 2023-08-27T12:27:26.871+00:00 lsst.makeWarp.select (makeWarp:{instrument: 'LSSTCam-imSim', skymap: 'DC2', tract: 4431, patch: 17, visit: 924057, ...})(selectImages.py:228) - Selecting calexp {instrument: 'LSSTCam-imSim', detector: 33, visit: 924057, ...}
INFO 2023-08-27T12:27:26.871+00:00 lsst.makeWarp.select (makeWarp:{instrument: 'LSSTCam-imSim', skymap: 'DC2', tract: 4431, patch: 17, visit: 924057, ...})(selectImages.py:228) - Selecting calexp {instrument: 'LSSTCam-imSim', detector: 34, visit: 924057, ...}
INFO 2023-08-27T12:27:32.468+00:00 lsst.makeWarp (makeWarp:{instrument: 'LSSTCam-imSim', skymap: 'DC2', tract: 4431, patch: 17, visit: 924057, ...})(makeWarp.py:448) - Processing calexp 1 of 4 for this Warp: id={instrument: 'LSSTCam-imSim', detector: 30, visit: 924057, ...}
INFO 2023-08-27T12:27:39.527+00:00 lsst.makeWarp.warpAndPsfMatch.psfMatch (makeWarp:{instrument: 'LSSTCam-imSim', skymap: 'DC2', tract: 4431, patch: 17, visit: 924057, ...})(modelPsfMatch.py:335) - compute Psf-matching kernel
INFO 2023-08-27T12:27:40.005+00:00 lsst.makeWarp.warpAndPsfMatch.psfMatch (makeWarp:{instrument: 'LSSTCam-imSim', skymap: 'DC2', tract: 4431, patch: 17, visit: 924057, ...})(modelPsfMatch.py:483) - Adjusted dimensions of reference PSF model from (23, 23) to (57, 57)
INFO 2023-08-27T12:27:41.314+00:00 lsst.ip.diffim.generateAlardLuptonBasisList (makeWarp:{instrument: 'LSSTCam-imSim', skymap: 'DC2', tract: 4431, patch: 17, visit: 924057, ...})(makeKernelBasisList.py:192) - PSF sigmas are not available or scaling by fwhm disabled, falling back to config values
INFO 2023-08-27T12:27:53.629+00:00 lsst.makeWarp.warpAndPsfMatch.psfMatch (makeWarp:{instrument: 'LSSTCam-imSim', skymap: 'DC2', tract: 4431, patch: 17, visit: 924057, ...})(modelPsfMatch.py:358) - Psf-match science exposure to reference
INFO 2023-08-27T12:28:04.423+00:00 lsst.makeWarp.warpAndPsfMatch.psfMatch (makeWarp:{instrument: 'LSSTCam-imSim', skymap: 'DC2', tract: 4431, patch: 17, visit: 924057, ...})(modelPsfMatch.py:373) - done
INFO 2023-08-27T12:28:04.492+00:00 lsst.makeWarp (makeWarp:{instrument: 'LSSTCam-imSim', skymap: 'DC2', tract: 4431, patch: 17, visit: 924057, ...})(makeWarp.py:448) - Processing calexp 2 of 4 for this Warp: id={instrument: 'LSSTCam-imSim', detector: 31, visit: 924057, ...}
INFO 2023-08-27T12:28:04.950+00:00 lsst.makeWarp.warpAndPsfMatch.psfMatch (makeWarp:{instrument: 'LSSTCam-imSim', skymap: 'DC2', tract: 4431, patch: 17, visit: 924057, ...})(modelPsfMatch.py:335) - compute Psf-matching kernel
INFO 2023-08-27T12:28:05.110+00:00 lsst.makeWarp.warpAndPsfMatch.psfMatch (makeWarp:{instrument: 'LSSTCam-imSim', skymap: 'DC2', tract: 4431, patch: 17, visit: 924057, ...})(modelPsfMatch.py:483) - Adjusted dimensions of reference PSF model from (23, 23) to (57, 57)
INFO 2023-08-27T12:28:05.526+00:00 lsst.ip.diffim.generateAlardLuptonBasisList (makeWarp:{instrument: 'LSSTCam-imSim', skymap: 'DC2', tract: 4431, patch: 17, visit: 924057, ...})(makeKernelBasisList.py:192) - PSF sigmas are not available or scaling by fwhm disabled, falling back to config values
INFO 2023-08-27T12:28:09.691+00:00 lsst.makeWarp.warpAndPsfMatch.psfMatch (makeWarp:{instrument: 'LSSTCam-imSim', skymap: 'DC2', tract: 4431, patch: 17, visit: 924057, ...})(modelPsfMatch.py:358) - Psf-match science exposure to reference
INFO 2023-08-27T12:28:12.447+00:00 lsst.makeWarp.warpAndPsfMatch.psfMatch (makeWarp:{instrument: 'LSSTCam-imSim', skymap: 'DC2', tract: 4431, patch: 17, visit: 924057, ...})(modelPsfMatch.py:373) - done
INFO 2023-08-27T12:28:12.479+00:00 lsst.makeWarp (makeWarp:{instrument: 'LSSTCam-imSim', skymap: 'DC2', tract: 4431, patch: 17, visit: 924057, ...})(makeWarp.py:448) - Processing calexp 3 of 4 for this Warp: id={instrument: 'LSSTCam-imSim', detector: 33, visit: 924057, ...}
INFO 2023-08-27T12:28:25.230+00:00 lsst.makeWarp.warpAndPsfMatch.psfMatch (makeWarp:{instrument: 'LSSTCam-imSim', skymap: 'DC2', tract: 4431, patch: 17, visit: 924057, ...})(modelPsfMatch.py:335) - compute Psf-matching kernel
INFO 2023-08-27T12:28:26.080+00:00 lsst.makeWarp.warpAndPsfMatch.psfMatch (makeWarp:{instrument: 'LSSTCam-imSim', skymap: 'DC2', tract: 4431, patch: 17, visit: 924057, ...})(modelPsfMatch.py:483) - Adjusted dimensions of reference PSF model from (23, 23) to (57, 57)
INFO 2023-08-27T12:28:28.255+00:00 lsst.ip.diffim.generateAlardLuptonBasisList (makeWarp:{instrument: 'LSSTCam-imSim', skymap: 'DC2', tract: 4431, patch: 17, visit: 924057, ...})(makeKernelBasisList.py:192) - PSF sigmas are not available or scaling by fwhm disabled, falling back to config values
INFO 2023-08-27T12:28:50.484+00:00 lsst.makeWarp.warpAndPsfMatch.psfMatch (makeWarp:{instrument: 'LSSTCam-imSim', skymap: 'DC2', tract: 4431, patch: 17, visit: 924057, ...})(modelPsfMatch.py:358) - Psf-match science exposure to reference
INFO 2023-08-27T12:29:10.159+00:00 lsst.makeWarp.warpAndPsfMatch.psfMatch (makeWarp:{instrument: 'LSSTCam-imSim', skymap: 'DC2', tract: 4431, patch: 17, visit: 924057, ...})(modelPsfMatch.py:373) - done
INFO 2023-08-27T12:29:10.326+00:00 lsst.makeWarp (makeWarp:{instrument: 'LSSTCam-imSim', skymap: 'DC2', tract: 4431, patch: 17, visit: 924057, ...})(makeWarp.py:448) - Processing calexp 4 of 4 for this Warp: id={instrument: 'LSSTCam-imSim', detector: 34, visit: 924057, ...}
INFO 2023-08-27T12:29:13.196+00:00 lsst.makeWarp.warpAndPsfMatch.psfMatch (makeWarp:{instrument: 'LSSTCam-imSim', skymap: 'DC2', tract: 4431, patch: 17, visit: 924057, ...})(modelPsfMatch.py:335) - compute Psf-matching kernel
INFO 2023-08-27T12:29:13.496+00:00 lsst.makeWarp.warpAndPsfMatch.psfMatch (makeWarp:{instrument: 'LSSTCam-imSim', skymap: 'DC2', tract: 4431, patch: 17, visit: 924057, ...})(modelPsfMatch.py:483) - Adjusted dimensions of reference PSF model from (23, 23) to (57, 57)
INFO 2023-08-27T12:29:14.309+00:00 lsst.ip.diffim.generateAlardLuptonBasisList (makeWarp:{instrument: 'LSSTCam-imSim', skymap: 'DC2', tract: 4431, patch: 17, visit: 924057, ...})(makeKernelBasisList.py:192) - PSF sigmas are not available or scaling by fwhm disabled, falling back to config values
INFO 2023-08-27T12:29:22.073+00:00 lsst.makeWarp.warpAndPsfMatch.psfMatch (makeWarp:{instrument: 'LSSTCam-imSim', skymap: 'DC2', tract: 4431, patch: 17, visit: 924057, ...})(modelPsfMatch.py:358) - Psf-match science exposure to reference
INFO 2023-08-27T12:29:28.425+00:00 lsst.makeWarp.warpAndPsfMatch.psfMatch (makeWarp:{instrument: 'LSSTCam-imSim', skymap: 'DC2', tract: 4431, patch: 17, visit: 924057, ...})(modelPsfMatch.py:373) - done
INFO 2023-08-27T12:29:28.485+00:00 lsst.makeWarp (makeWarp:{instrument: 'LSSTCam-imSim', skymap: 'DC2', tract: 4431, patch: 17, visit: 924057, ...})(makeWarp.py:494) - directWarp has 16098179 good pixels (91.3%)
INFO 2023-08-27T12:29:28.489+00:00 lsst.makeWarp (makeWarp:{instrument: 'LSSTCam-imSim', skymap: 'DC2', tract: 4431, patch: 17, visit: 924057, ...})(makeWarp.py:494) - psfMatchedWarp has 15894357 good pixels (90.1%)
INFO 2023-08-27T12:29:36.622+00:00 lsst.ctrl.mpexec.singleQuantumExecutor (makeWarp:{instrument: 'LSSTCam-imSim', skymap: 'DC2', tract: 4431, patch: 17, visit: 924057, ...})(singleQuantumExecutor.py:232) - Execution of task 'makeWarp' on quantum {instrument: 'LSSTCam-imSim', skymap: 'DC2', tract: 4431, patch: 17, visit: 924057, ...} took 134.371 seconds
INFO 2023-08-27T12:29:36.639+00:00 lsst.ctrl.mpexec.singleQuantumExecutor ()(singleQuantumExecutor.py:654) - Log records could not be stored in this butler because the datastore can not ingest files, empty record list is stored instead.
INFO 2023-08-27T12:29:37.414+00:00 lsst.ctrl.mpexec.mpGraphExecutor ()(mpGraphExecutor.py:518) - Executed 1 quanta successfully, 0 failed and 6 remain out of total 7 quanta.
INFO 2023-08-27T12:29:46.814+00:00 lsst.makeWarp.select (makeWarp:{instrument: 'LSSTCam-imSim', skymap: 'DC2', tract: 4431, patch: 17, visit: 924086, ...})(selectImages.py:228) - Selecting calexp {instrument: 'LSSTCam-imSim', detector: 139, visit: 924086, ...}
INFO 2023-08-27T12:29:46.815+00:00 lsst.makeWarp.select (makeWarp:{instrument: 'LSSTCam-imSim', skymap: 'DC2', tract: 4431, patch: 17, visit: 924086, ...})(selectImages.py:228) - Selecting calexp {instrument: 'LSSTCam-imSim', detector: 140, visit: 924086, ...}
INFO 2023-08-27T12:29:46.815+00:00 lsst.makeWarp.select (makeWarp:{instrument: 'LSSTCam-imSim', skymap: 'DC2', tract: 4431, patch: 17, visit: 924086, ...})(selectImages.py:228) - Selecting calexp {instrument: 'LSSTCam-imSim', detector: 141, visit: 924086, ...}
INFO 2023-08-27T12:29:46.816+00:00 lsst.makeWarp.select (makeWarp:{instrument: 'LSSTCam-imSim', skymap: 'DC2', tract: 4431, patch: 17, visit: 924086, ...})(selectImages.py:228) - Selecting calexp {instrument: 'LSSTCam-imSim', detector: 142, visit: 924086, ...}
INFO 2023-08-27T12:29:46.816+00:00 lsst.makeWarp.select (makeWarp:{instrument: 'LSSTCam-imSim', skymap: 'DC2', tract: 4431, patch: 17, visit: 924086, ...})(selectImages.py:228) - Selecting calexp {instrument: 'LSSTCam-imSim', detector: 143, visit: 924086, ...}
INFO 2023-08-27T12:29:53.329+00:00 lsst.makeWarp (makeWarp:{instrument: 'LSSTCam-imSim', skymap: 'DC2', tract: 4431, patch: 17, visit: 924086, ...})(makeWarp.py:448) - Processing calexp 1 of 5 for this Warp: id={instrument: 'LSSTCam-imSim', detector: 139, visit: 924086, ...}
INFO 2023-08-27T12:30:00.485+00:00 lsst.makeWarp.warpAndPsfMatch.psfMatch (makeWarp:{instrument: 'LSSTCam-imSim', skymap: 'DC2', tract: 4431, patch: 17, visit: 924086, ...})(modelPsfMatch.py:335) - compute Psf-matching kernel
INFO 2023-08-27T12:30:00.990+00:00 lsst.makeWarp.warpAndPsfMatch.psfMatch (makeWarp:{instrument: 'LSSTCam-imSim', skymap: 'DC2', tract: 4431, patch: 17, visit: 924086, ...})(modelPsfMatch.py:483) - Adjusted dimensions of reference PSF model from (23, 23) to (57, 57)
INFO 2023-08-27T12:30:02.251+00:00 lsst.ip.diffim.generateAlardLuptonBasisList (makeWarp:{instrument: 'LSSTCam-imSim', skymap: 'DC2', tract: 4431, patch: 17, visit: 924086, ...})(makeKernelBasisList.py:192) - PSF sigmas are not available or scaling by fwhm disabled, falling back to config values
INFO 2023-08-27T12:30:15.244+00:00 lsst.makeWarp.warpAndPsfMatch.psfMatch (makeWarp:{instrument: 'LSSTCam-imSim', skymap: 'DC2', tract: 4431, patch: 17, visit: 924086, ...})(modelPsfMatch.py:358) - Psf-match science exposure to reference
INFO 2023-08-27T12:30:26.124+00:00 lsst.makeWarp.warpAndPsfMatch.psfMatch (makeWarp:{instrument: 'LSSTCam-imSim', skymap: 'DC2', tract: 4431, patch: 17, visit: 924086, ...})(modelPsfMatch.py:373) - done
INFO 2023-08-27T12:30:26.193+00:00 lsst.makeWarp (makeWarp:{instrument: 'LSSTCam-imSim', skymap: 'DC2', tract: 4431, patch: 17, visit: 924086, ...})(makeWarp.py:448) - Processing calexp 2 of 5 for this Warp: id={instrument: 'LSSTCam-imSim', detector: 140, visit: 924086, ...}
INFO 2023-08-27T12:30:26.421+00:00 lsst.makeWarp.warpAndPsfMatch.psfMatch (makeWarp:{instrument: 'LSSTCam-imSim', skymap: 'DC2', tract: 4431, patch: 17, visit: 924086, ...})(modelPsfMatch.py:335) - compute Psf-matching kernel
INFO 2023-08-27T12:30:26.532+00:00 lsst.makeWarp.warpAndPsfMatch.psfMatch (makeWarp:{instrument: 'LSSTCam-imSim', skymap: 'DC2', tract: 4431, patch: 17, visit: 924086, ...})(modelPsfMatch.py:483) - Adjusted dimensions of reference PSF model from (23, 23) to (57, 57)
INFO 2023-08-27T12:30:26.808+00:00 lsst.ip.diffim.generateAlardLuptonBasisList (makeWarp:{instrument: 'LSSTCam-imSim', skymap: 'DC2', tract: 4431, patch: 17, visit: 924086, ...})(makeKernelBasisList.py:192) - PSF sigmas are not available or scaling by fwhm disabled, falling back to config values
INFO 2023-08-27T12:30:29.554+00:00 lsst.makeWarp.warpAndPsfMatch.psfMatch (makeWarp:{instrument: 'LSSTCam-imSim', skymap: 'DC2', tract: 4431, patch: 17, visit: 924086, ...})(modelPsfMatch.py:358) - Psf-match science exposure to reference
INFO 2023-08-27T12:30:31.273+00:00 lsst.makeWarp.warpAndPsfMatch.psfMatch (makeWarp:{instrument: 'LSSTCam-imSim', skymap: 'DC2', tract: 4431, patch: 17, visit: 924086, ...})(modelPsfMatch.py:373) - done
INFO 2023-08-27T12:30:31.290+00:00 lsst.makeWarp (makeWarp:{instrument: 'LSSTCam-imSim', skymap: 'DC2', tract: 4431, patch: 17, visit: 924086, ...})(makeWarp.py:448) - Processing calexp 3 of 5 for this Warp: id={instrument: 'LSSTCam-imSim', detector: 141, visit: 924086, ...}
INFO 2023-08-27T12:30:32.105+00:00 lsst.makeWarp.warpAndPsfMatch.psfMatch (makeWarp:{instrument: 'LSSTCam-imSim', skymap: 'DC2', tract: 4431, patch: 17, visit: 924086, ...})(modelPsfMatch.py:335) - compute Psf-matching kernel
INFO 2023-08-27T12:30:32.271+00:00 lsst.makeWarp.warpAndPsfMatch.psfMatch (makeWarp:{instrument: 'LSSTCam-imSim', skymap: 'DC2', tract: 4431, patch: 17, visit: 924086, ...})(modelPsfMatch.py:483) - Adjusted dimensions of reference PSF model from (23, 23) to (57, 57)
INFO 2023-08-27T12:30:32.683+00:00 lsst.ip.diffim.generateAlardLuptonBasisList (makeWarp:{instrument: 'LSSTCam-imSim', skymap: 'DC2', tract: 4431, patch: 17, visit: 924086, ...})(makeKernelBasisList.py:192) - PSF sigmas are not available or scaling by fwhm disabled, falling back to config values
INFO 2023-08-27T12:30:37.067+00:00 lsst.makeWarp.warpAndPsfMatch.psfMatch (makeWarp:{instrument: 'LSSTCam-imSim', skymap: 'DC2', tract: 4431, patch: 17, visit: 924086, ...})(modelPsfMatch.py:358) - Psf-match science exposure to reference
INFO 2023-08-27T12:30:40.214+00:00 lsst.makeWarp.warpAndPsfMatch.psfMatch (makeWarp:{instrument: 'LSSTCam-imSim', skymap: 'DC2', tract: 4431, patch: 17, visit: 924086, ...})(modelPsfMatch.py:373) - done
INFO 2023-08-27T12:30:40.238+00:00 lsst.makeWarp (makeWarp:{instrument: 'LSSTCam-imSim', skymap: 'DC2', tract: 4431, patch: 17, visit: 924086, ...})(makeWarp.py:448) - Processing calexp 4 of 5 for this Warp: id={instrument: 'LSSTCam-imSim', detector: 142, visit: 924086, ...}
INFO 2023-08-27T12:30:54.003+00:00 lsst.makeWarp.warpAndPsfMatch.psfMatch (makeWarp:{instrument: 'LSSTCam-imSim', skymap: 'DC2', tract: 4431, patch: 17, visit: 924086, ...})(modelPsfMatch.py:335) - compute Psf-matching kernel
INFO 2023-08-27T12:30:54.826+00:00 lsst.makeWarp.warpAndPsfMatch.psfMatch (makeWarp:{instrument: 'LSSTCam-imSim', skymap: 'DC2', tract: 4431, patch: 17, visit: 924086, ...})(modelPsfMatch.py:483) - Adjusted dimensions of reference PSF model from (23, 23) to (57, 57)
INFO 2023-08-27T12:30:56.946+00:00 lsst.ip.diffim.generateAlardLuptonBasisList (makeWarp:{instrument: 'LSSTCam-imSim', skymap: 'DC2', tract: 4431, patch: 17, visit: 924086, ...})(makeKernelBasisList.py:192) - PSF sigmas are not available or scaling by fwhm disabled, falling back to config values
INFO 2023-08-27T12:31:19.106+00:00 lsst.makeWarp.warpAndPsfMatch.psfMatch (makeWarp:{instrument: 'LSSTCam-imSim', skymap: 'DC2', tract: 4431, patch: 17, visit: 924086, ...})(modelPsfMatch.py:358) - Psf-match science exposure to reference
INFO 2023-08-27T12:31:38.846+00:00 lsst.makeWarp.warpAndPsfMatch.psfMatch (makeWarp:{instrument: 'LSSTCam-imSim', skymap: 'DC2', tract: 4431, patch: 17, visit: 924086, ...})(modelPsfMatch.py:373) - done
INFO 2023-08-27T12:31:39.018+00:00 lsst.makeWarp (makeWarp:{instrument: 'LSSTCam-imSim', skymap: 'DC2', tract: 4431, patch: 17, visit: 924086, ...})(makeWarp.py:448) - Processing calexp 5 of 5 for this Warp: id={instrument: 'LSSTCam-imSim', detector: 143, visit: 924086, ...}
INFO 2023-08-27T12:31:41.166+00:00 lsst.makeWarp.warpAndPsfMatch.psfMatch (makeWarp:{instrument: 'LSSTCam-imSim', skymap: 'DC2', tract: 4431, patch: 17, visit: 924086, ...})(modelPsfMatch.py:335) - compute Psf-matching kernel
INFO 2023-08-27T12:31:41.425+00:00 lsst.makeWarp.warpAndPsfMatch.psfMatch (makeWarp:{instrument: 'LSSTCam-imSim', skymap: 'DC2', tract: 4431, patch: 17, visit: 924086, ...})(modelPsfMatch.py:483) - Adjusted dimensions of reference PSF model from (23, 23) to (57, 57)
INFO 2023-08-27T12:31:42.072+00:00 lsst.ip.diffim.generateAlardLuptonBasisList (makeWarp:{instrument: 'LSSTCam-imSim', skymap: 'DC2', tract: 4431, patch: 17, visit: 924086, ...})(makeKernelBasisList.py:192) - PSF sigmas are not available or scaling by fwhm disabled, falling back to config values
INFO 2023-08-27T12:31:48.774+00:00 lsst.makeWarp.warpAndPsfMatch.psfMatch (makeWarp:{instrument: 'LSSTCam-imSim', skymap: 'DC2', tract: 4431, patch: 17, visit: 924086, ...})(modelPsfMatch.py:358) - Psf-match science exposure to reference
INFO 2023-08-27T12:31:54.315+00:00 lsst.makeWarp.warpAndPsfMatch.psfMatch (makeWarp:{instrument: 'LSSTCam-imSim', skymap: 'DC2', tract: 4431, patch: 17, visit: 924086, ...})(modelPsfMatch.py:373) - done
INFO 2023-08-27T12:31:54.368+00:00 lsst.makeWarp (makeWarp:{instrument: 'LSSTCam-imSim', skymap: 'DC2', tract: 4431, patch: 17, visit: 924086, ...})(makeWarp.py:494) - directWarp has 16136708 good pixels (91.5%)
INFO 2023-08-27T12:31:54.372+00:00 lsst.makeWarp (makeWarp:{instrument: 'LSSTCam-imSim', skymap: 'DC2', tract: 4431, patch: 17, visit: 924086, ...})(makeWarp.py:494) - psfMatchedWarp has 15929402 good pixels (90.3%)
INFO 2023-08-27T12:32:02.907+00:00 lsst.ctrl.mpexec.singleQuantumExecutor (makeWarp:{instrument: 'LSSTCam-imSim', skymap: 'DC2', tract: 4431, patch: 17, visit: 924086, ...})(singleQuantumExecutor.py:232) - Execution of task 'makeWarp' on quantum {instrument: 'LSSTCam-imSim', skymap: 'DC2', tract: 4431, patch: 17, visit: 924086, ...} took 145.492 seconds
INFO 2023-08-27T12:32:02.926+00:00 lsst.ctrl.mpexec.singleQuantumExecutor ()(singleQuantumExecutor.py:654) - Log records could not be stored in this butler because the datastore can not ingest files, empty record list is stored instead.
INFO 2023-08-27T12:32:03.665+00:00 lsst.ctrl.mpexec.mpGraphExecutor ()(mpGraphExecutor.py:518) - Executed 2 quanta successfully, 0 failed and 5 remain out of total 7 quanta.
INFO 2023-08-27T12:32:07.696+00:00 lsst.makeWarp.select (makeWarp:{instrument: 'LSSTCam-imSim', skymap: 'DC2', tract: 4431, patch: 17, visit: 919515, ...})(selectImages.py:228) - Selecting calexp {instrument: 'LSSTCam-imSim', detector: 110, visit: 919515, ...}
INFO 2023-08-27T12:32:07.697+00:00 lsst.makeWarp.select (makeWarp:{instrument: 'LSSTCam-imSim', skymap: 'DC2', tract: 4431, patch: 17, visit: 919515, ...})(selectImages.py:228) - Selecting calexp {instrument: 'LSSTCam-imSim', detector: 113, visit: 919515, ...}
INFO 2023-08-27T12:32:07.698+00:00 lsst.makeWarp.select (makeWarp:{instrument: 'LSSTCam-imSim', skymap: 'DC2', tract: 4431, patch: 17, visit: 919515, ...})(selectImages.py:228) - Selecting calexp {instrument: 'LSSTCam-imSim', detector: 116, visit: 919515, ...}
INFO 2023-08-27T12:32:11.098+00:00 lsst.makeWarp (makeWarp:{instrument: 'LSSTCam-imSim', skymap: 'DC2', tract: 4431, patch: 17, visit: 919515, ...})(makeWarp.py:448) - Processing calexp 1 of 3 for this Warp: id={instrument: 'LSSTCam-imSim', detector: 110, visit: 919515, ...}
INFO 2023-08-27T12:32:12.732+00:00 lsst.makeWarp.warpAndPsfMatch.psfMatch (makeWarp:{instrument: 'LSSTCam-imSim', skymap: 'DC2', tract: 4431, patch: 17, visit: 919515, ...})(modelPsfMatch.py:335) - compute Psf-matching kernel
INFO 2023-08-27T12:32:12.910+00:00 lsst.makeWarp.warpAndPsfMatch.psfMatch (makeWarp:{instrument: 'LSSTCam-imSim', skymap: 'DC2', tract: 4431, patch: 17, visit: 919515, ...})(modelPsfMatch.py:483) - Adjusted dimensions of reference PSF model from (23, 23) to (57, 57)
INFO 2023-08-27T12:32:13.381+00:00 lsst.ip.diffim.generateAlardLuptonBasisList (makeWarp:{instrument: 'LSSTCam-imSim', skymap: 'DC2', tract: 4431, patch: 17, visit: 919515, ...})(makeKernelBasisList.py:192) - PSF sigmas are not available or scaling by fwhm disabled, falling back to config values
INFO 2023-08-27T12:32:18.190+00:00 lsst.makeWarp.warpAndPsfMatch.psfMatch (makeWarp:{instrument: 'LSSTCam-imSim', skymap: 'DC2', tract: 4431, patch: 17, visit: 919515, ...})(modelPsfMatch.py:358) - Psf-match science exposure to reference
INFO 2023-08-27T12:32:21.705+00:00 lsst.makeWarp.warpAndPsfMatch.psfMatch (makeWarp:{instrument: 'LSSTCam-imSim', skymap: 'DC2', tract: 4431, patch: 17, visit: 919515, ...})(modelPsfMatch.py:373) - done
INFO 2023-08-27T12:32:21.727+00:00 lsst.makeWarp (makeWarp:{instrument: 'LSSTCam-imSim', skymap: 'DC2', tract: 4431, patch: 17, visit: 919515, ...})(makeWarp.py:448) - Processing calexp 2 of 3 for this Warp: id={instrument: 'LSSTCam-imSim', detector: 113, visit: 919515, ...}
INFO 2023-08-27T12:32:32.463+00:00 lsst.makeWarp.warpAndPsfMatch.psfMatch (makeWarp:{instrument: 'LSSTCam-imSim', skymap: 'DC2', tract: 4431, patch: 17, visit: 919515, ...})(modelPsfMatch.py:335) - compute Psf-matching kernel
INFO 2023-08-27T12:32:33.153+00:00 lsst.makeWarp.warpAndPsfMatch.psfMatch (makeWarp:{instrument: 'LSSTCam-imSim', skymap: 'DC2', tract: 4431, patch: 17, visit: 919515, ...})(modelPsfMatch.py:483) - Adjusted dimensions of reference PSF model from (23, 23) to (57, 57)
INFO 2023-08-27T12:32:34.963+00:00 lsst.ip.diffim.generateAlardLuptonBasisList (makeWarp:{instrument: 'LSSTCam-imSim', skymap: 'DC2', tract: 4431, patch: 17, visit: 919515, ...})(makeKernelBasisList.py:192) - PSF sigmas are not available or scaling by fwhm disabled, falling back to config values
INFO 2023-08-27T12:32:54.084+00:00 lsst.makeWarp.warpAndPsfMatch.psfMatch (makeWarp:{instrument: 'LSSTCam-imSim', skymap: 'DC2', tract: 4431, patch: 17, visit: 919515, ...})(modelPsfMatch.py:358) - Psf-match science exposure to reference
INFO 2023-08-27T12:33:10.852+00:00 lsst.makeWarp.warpAndPsfMatch.psfMatch (makeWarp:{instrument: 'LSSTCam-imSim', skymap: 'DC2', tract: 4431, patch: 17, visit: 919515, ...})(modelPsfMatch.py:373) - done
INFO 2023-08-27T12:33:10.994+00:00 lsst.makeWarp (makeWarp:{instrument: 'LSSTCam-imSim', skymap: 'DC2', tract: 4431, patch: 17, visit: 919515, ...})(makeWarp.py:448) - Processing calexp 3 of 3 for this Warp: id={instrument: 'LSSTCam-imSim', detector: 116, visit: 919515, ...}
INFO 2023-08-27T12:33:11.891+00:00 lsst.makeWarp.warpAndPsfMatch.psfMatch (makeWarp:{instrument: 'LSSTCam-imSim', skymap: 'DC2', tract: 4431, patch: 17, visit: 919515, ...})(modelPsfMatch.py:335) - compute Psf-matching kernel
INFO 2023-08-27T12:33:12.048+00:00 lsst.makeWarp.warpAndPsfMatch.psfMatch (makeWarp:{instrument: 'LSSTCam-imSim', skymap: 'DC2', tract: 4431, patch: 17, visit: 919515, ...})(modelPsfMatch.py:483) - Adjusted dimensions of reference PSF model from (23, 23) to (57, 57)
INFO 2023-08-27T12:33:12.455+00:00 lsst.ip.diffim.generateAlardLuptonBasisList (makeWarp:{instrument: 'LSSTCam-imSim', skymap: 'DC2', tract: 4431, patch: 17, visit: 919515, ...})(makeKernelBasisList.py:192) - PSF sigmas are not available or scaling by fwhm disabled, falling back to config values
INFO 2023-08-27T12:33:16.704+00:00 lsst.makeWarp.warpAndPsfMatch.psfMatch (makeWarp:{instrument: 'LSSTCam-imSim', skymap: 'DC2', tract: 4431, patch: 17, visit: 919515, ...})(modelPsfMatch.py:358) - Psf-match science exposure to reference
INFO 2023-08-27T12:33:19.700+00:00 lsst.makeWarp.warpAndPsfMatch.psfMatch (makeWarp:{instrument: 'LSSTCam-imSim', skymap: 'DC2', tract: 4431, patch: 17, visit: 919515, ...})(modelPsfMatch.py:373) - done
INFO 2023-08-27T12:33:19.746+00:00 lsst.makeWarp (makeWarp:{instrument: 'LSSTCam-imSim', skymap: 'DC2', tract: 4431, patch: 17, visit: 919515, ...})(makeWarp.py:494) - directWarp has 8982709 good pixels (50.9%)
INFO 2023-08-27T12:33:19.749+00:00 lsst.makeWarp (makeWarp:{instrument: 'LSSTCam-imSim', skymap: 'DC2', tract: 4431, patch: 17, visit: 919515, ...})(makeWarp.py:494) - psfMatchedWarp has 8856818 good pixels (50.2%)
INFO 2023-08-27T12:33:25.577+00:00 lsst.ctrl.mpexec.singleQuantumExecutor (makeWarp:{instrument: 'LSSTCam-imSim', skymap: 'DC2', tract: 4431, patch: 17, visit: 919515, ...})(singleQuantumExecutor.py:232) - Execution of task 'makeWarp' on quantum {instrument: 'LSSTCam-imSim', skymap: 'DC2', tract: 4431, patch: 17, visit: 919515, ...} took 81.910 seconds
INFO 2023-08-27T12:33:25.596+00:00 lsst.ctrl.mpexec.singleQuantumExecutor ()(singleQuantumExecutor.py:654) - Log records could not be stored in this butler because the datastore can not ingest files, empty record list is stored instead.
INFO 2023-08-27T12:33:26.339+00:00 lsst.ctrl.mpexec.mpGraphExecutor ()(mpGraphExecutor.py:518) - Executed 3 quanta successfully, 0 failed and 4 remain out of total 7 quanta.
INFO 2023-08-27T12:33:27.995+00:00 lsst.makeWarp.select (makeWarp:{instrument: 'LSSTCam-imSim', skymap: 'DC2', tract: 4431, patch: 17, visit: 924085, ...})(selectImages.py:228) - Selecting calexp {instrument: 'LSSTCam-imSim', detector: 178, visit: 924085, ...}
INFO 2023-08-27T12:33:29.264+00:00 lsst.makeWarp (makeWarp:{instrument: 'LSSTCam-imSim', skymap: 'DC2', tract: 4431, patch: 17, visit: 924085, ...})(makeWarp.py:448) - Processing calexp 1 of 1 for this Warp: id={instrument: 'LSSTCam-imSim', detector: 178, visit: 924085, ...}
INFO 2023-08-27T12:33:31.911+00:00 lsst.makeWarp.warpAndPsfMatch.psfMatch (makeWarp:{instrument: 'LSSTCam-imSim', skymap: 'DC2', tract: 4431, patch: 17, visit: 924085, ...})(modelPsfMatch.py:335) - compute Psf-matching kernel
INFO 2023-08-27T12:33:32.179+00:00 lsst.makeWarp.warpAndPsfMatch.psfMatch (makeWarp:{instrument: 'LSSTCam-imSim', skymap: 'DC2', tract: 4431, patch: 17, visit: 924085, ...})(modelPsfMatch.py:483) - Adjusted dimensions of reference PSF model from (23, 23) to (57, 57)
INFO 2023-08-27T12:33:32.885+00:00 lsst.ip.diffim.generateAlardLuptonBasisList (makeWarp:{instrument: 'LSSTCam-imSim', skymap: 'DC2', tract: 4431, patch: 17, visit: 924085, ...})(makeKernelBasisList.py:192) - PSF sigmas are not available or scaling by fwhm disabled, falling back to config values
INFO 2023-08-27T12:33:40.327+00:00 lsst.makeWarp.warpAndPsfMatch.psfMatch (makeWarp:{instrument: 'LSSTCam-imSim', skymap: 'DC2', tract: 4431, patch: 17, visit: 924085, ...})(modelPsfMatch.py:358) - Psf-match science exposure to reference
INFO 2023-08-27T12:33:46.014+00:00 lsst.makeWarp.warpAndPsfMatch.psfMatch (makeWarp:{instrument: 'LSSTCam-imSim', skymap: 'DC2', tract: 4431, patch: 17, visit: 924085, ...})(modelPsfMatch.py:373) - done
INFO 2023-08-27T12:33:46.049+00:00 lsst.makeWarp (makeWarp:{instrument: 'LSSTCam-imSim', skymap: 'DC2', tract: 4431, patch: 17, visit: 924085, ...})(makeWarp.py:494) - directWarp has 831332 good pixels (4.7%)
INFO 2023-08-27T12:33:46.051+00:00 lsst.makeWarp (makeWarp:{instrument: 'LSSTCam-imSim', skymap: 'DC2', tract: 4431, patch: 17, visit: 924085, ...})(makeWarp.py:494) - psfMatchedWarp has 805735 good pixels (4.6%)
INFO 2023-08-27T12:33:48.659+00:00 lsst.ctrl.mpexec.singleQuantumExecutor (makeWarp:{instrument: 'LSSTCam-imSim', skymap: 'DC2', tract: 4431, patch: 17, visit: 924085, ...})(singleQuantumExecutor.py:232) - Execution of task 'makeWarp' on quantum {instrument: 'LSSTCam-imSim', skymap: 'DC2', tract: 4431, patch: 17, visit: 924085, ...} took 22.318 seconds
INFO 2023-08-27T12:33:48.675+00:00 lsst.ctrl.mpexec.singleQuantumExecutor ()(singleQuantumExecutor.py:654) - Log records could not be stored in this butler because the datastore can not ingest files, empty record list is stored instead.
INFO 2023-08-27T12:33:49.384+00:00 lsst.ctrl.mpexec.mpGraphExecutor ()(mpGraphExecutor.py:518) - Executed 4 quanta successfully, 0 failed and 3 remain out of total 7 quanta.
INFO 2023-08-27T12:33:59.934+00:00 lsst.makeWarp.select (makeWarp:{instrument: 'LSSTCam-imSim', skymap: 'DC2', tract: 4431, patch: 17, visit: 929477, ...})(selectImages.py:228) - Selecting calexp {instrument: 'LSSTCam-imSim', detector: 52, visit: 929477, ...}
INFO 2023-08-27T12:33:59.935+00:00 lsst.makeWarp.select (makeWarp:{instrument: 'LSSTCam-imSim', skymap: 'DC2', tract: 4431, patch: 17, visit: 929477, ...})(selectImages.py:228) - Selecting calexp {instrument: 'LSSTCam-imSim', detector: 90, visit: 929477, ...}
INFO 2023-08-27T12:33:59.936+00:00 lsst.makeWarp.select (makeWarp:{instrument: 'LSSTCam-imSim', skymap: 'DC2', tract: 4431, patch: 17, visit: 929477, ...})(selectImages.py:228) - Selecting calexp {instrument: 'LSSTCam-imSim', detector: 91, visit: 929477, ...}
INFO 2023-08-27T12:33:59.937+00:00 lsst.makeWarp.select (makeWarp:{instrument: 'LSSTCam-imSim', skymap: 'DC2', tract: 4431, patch: 17, visit: 929477, ...})(selectImages.py:228) - Selecting calexp {instrument: 'LSSTCam-imSim', detector: 92, visit: 929477, ...}
INFO 2023-08-27T12:33:59.937+00:00 lsst.makeWarp.select (makeWarp:{instrument: 'LSSTCam-imSim', skymap: 'DC2', tract: 4431, patch: 17, visit: 929477, ...})(selectImages.py:228) - Selecting calexp {instrument: 'LSSTCam-imSim', detector: 94, visit: 929477, ...}
INFO 2023-08-27T12:34:08.036+00:00 lsst.makeWarp (makeWarp:{instrument: 'LSSTCam-imSim', skymap: 'DC2', tract: 4431, patch: 17, visit: 929477, ...})(makeWarp.py:448) - Processing calexp 1 of 5 for this Warp: id={instrument: 'LSSTCam-imSim', detector: 52, visit: 929477, ...}
INFO 2023-08-27T12:34:09.451+00:00 lsst.makeWarp.warpAndPsfMatch.psfMatch (makeWarp:{instrument: 'LSSTCam-imSim', skymap: 'DC2', tract: 4431, patch: 17, visit: 929477, ...})(modelPsfMatch.py:335) - compute Psf-matching kernel
INFO 2023-08-27T12:34:09.624+00:00 lsst.makeWarp.warpAndPsfMatch.psfMatch (makeWarp:{instrument: 'LSSTCam-imSim', skymap: 'DC2', tract: 4431, patch: 17, visit: 929477, ...})(modelPsfMatch.py:483) - Adjusted dimensions of reference PSF model from (23, 23) to (55, 55)
INFO 2023-08-27T12:34:10.050+00:00 lsst.ip.diffim.generateAlardLuptonBasisList (makeWarp:{instrument: 'LSSTCam-imSim', skymap: 'DC2', tract: 4431, patch: 17, visit: 929477, ...})(makeKernelBasisList.py:192) - PSF sigmas are not available or scaling by fwhm disabled, falling back to config values
INFO 2023-08-27T12:34:14.128+00:00 lsst.makeWarp.warpAndPsfMatch.psfMatch (makeWarp:{instrument: 'LSSTCam-imSim', skymap: 'DC2', tract: 4431, patch: 17, visit: 929477, ...})(modelPsfMatch.py:358) - Psf-match science exposure to reference
INFO 2023-08-27T12:34:17.306+00:00 lsst.makeWarp.warpAndPsfMatch.psfMatch (makeWarp:{instrument: 'LSSTCam-imSim', skymap: 'DC2', tract: 4431, patch: 17, visit: 929477, ...})(modelPsfMatch.py:373) - done
INFO 2023-08-27T12:34:17.325+00:00 lsst.makeWarp (makeWarp:{instrument: 'LSSTCam-imSim', skymap: 'DC2', tract: 4431, patch: 17, visit: 929477, ...})(makeWarp.py:448) - Processing calexp 2 of 5 for this Warp: id={instrument: 'LSSTCam-imSim', detector: 90, visit: 929477, ...}
INFO 2023-08-27T12:34:20.124+00:00 lsst.makeWarp.warpAndPsfMatch.psfMatch (makeWarp:{instrument: 'LSSTCam-imSim', skymap: 'DC2', tract: 4431, patch: 17, visit: 929477, ...})(modelPsfMatch.py:335) - compute Psf-matching kernel
INFO 2023-08-27T12:34:20.450+00:00 lsst.makeWarp.warpAndPsfMatch.psfMatch (makeWarp:{instrument: 'LSSTCam-imSim', skymap: 'DC2', tract: 4431, patch: 17, visit: 929477, ...})(modelPsfMatch.py:483) - Adjusted dimensions of reference PSF model from (23, 23) to (55, 55)
INFO 2023-08-27T12:34:21.194+00:00 lsst.ip.diffim.generateAlardLuptonBasisList (makeWarp:{instrument: 'LSSTCam-imSim', skymap: 'DC2', tract: 4431, patch: 17, visit: 929477, ...})(makeKernelBasisList.py:192) - PSF sigmas are not available or scaling by fwhm disabled, falling back to config values
INFO 2023-08-27T12:34:27.980+00:00 lsst.makeWarp.warpAndPsfMatch.psfMatch (makeWarp:{instrument: 'LSSTCam-imSim', skymap: 'DC2', tract: 4431, patch: 17, visit: 929477, ...})(modelPsfMatch.py:358) - Psf-match science exposure to reference
INFO 2023-08-27T12:34:33.973+00:00 lsst.makeWarp.warpAndPsfMatch.psfMatch (makeWarp:{instrument: 'LSSTCam-imSim', skymap: 'DC2', tract: 4431, patch: 17, visit: 929477, ...})(modelPsfMatch.py:373) - done
INFO 2023-08-27T12:34:34.018+00:00 lsst.makeWarp (makeWarp:{instrument: 'LSSTCam-imSim', skymap: 'DC2', tract: 4431, patch: 17, visit: 929477, ...})(makeWarp.py:448) - Processing calexp 3 of 5 for this Warp: id={instrument: 'LSSTCam-imSim', detector: 91, visit: 929477, ...}
INFO 2023-08-27T12:34:50.604+00:00 lsst.makeWarp.warpAndPsfMatch.psfMatch (makeWarp:{instrument: 'LSSTCam-imSim', skymap: 'DC2', tract: 4431, patch: 17, visit: 929477, ...})(modelPsfMatch.py:335) - compute Psf-matching kernel
INFO 2023-08-27T12:34:51.742+00:00 lsst.makeWarp.warpAndPsfMatch.psfMatch (makeWarp:{instrument: 'LSSTCam-imSim', skymap: 'DC2', tract: 4431, patch: 17, visit: 929477, ...})(modelPsfMatch.py:483) - Adjusted dimensions of reference PSF model from (23, 23) to (55, 55)
INFO 2023-08-27T12:34:54.348+00:00 lsst.ip.diffim.generateAlardLuptonBasisList (makeWarp:{instrument: 'LSSTCam-imSim', skymap: 'DC2', tract: 4431, patch: 17, visit: 929477, ...})(makeKernelBasisList.py:192) - PSF sigmas are not available or scaling by fwhm disabled, falling back to config values
INFO 2023-08-27T12:35:18.035+00:00 lsst.makeWarp.warpAndPsfMatch.psfMatch (makeWarp:{instrument: 'LSSTCam-imSim', skymap: 'DC2', tract: 4431, patch: 17, visit: 929477, ...})(modelPsfMatch.py:358) - Psf-match science exposure to reference
INFO 2023-08-27T12:35:41.359+00:00 lsst.makeWarp.warpAndPsfMatch.psfMatch (makeWarp:{instrument: 'LSSTCam-imSim', skymap: 'DC2', tract: 4431, patch: 17, visit: 929477, ...})(modelPsfMatch.py:373) - done
INFO 2023-08-27T12:35:41.561+00:00 lsst.makeWarp (makeWarp:{instrument: 'LSSTCam-imSim', skymap: 'DC2', tract: 4431, patch: 17, visit: 929477, ...})(makeWarp.py:448) - Processing calexp 4 of 5 for this Warp: id={instrument: 'LSSTCam-imSim', detector: 92, visit: 929477, ...}
INFO 2023-08-27T12:35:42.099+00:00 lsst.makeWarp.warpAndPsfMatch.psfMatch (makeWarp:{instrument: 'LSSTCam-imSim', skymap: 'DC2', tract: 4431, patch: 17, visit: 929477, ...})(modelPsfMatch.py:335) - compute Psf-matching kernel
INFO 2023-08-27T12:35:42.262+00:00 lsst.makeWarp.warpAndPsfMatch.psfMatch (makeWarp:{instrument: 'LSSTCam-imSim', skymap: 'DC2', tract: 4431, patch: 17, visit: 929477, ...})(modelPsfMatch.py:483) - Adjusted dimensions of reference PSF model from (23, 23) to (55, 55)
INFO 2023-08-27T12:35:42.660+00:00 lsst.ip.diffim.generateAlardLuptonBasisList (makeWarp:{instrument: 'LSSTCam-imSim', skymap: 'DC2', tract: 4431, patch: 17, visit: 929477, ...})(makeKernelBasisList.py:192) - PSF sigmas are not available or scaling by fwhm disabled, falling back to config values
INFO 2023-08-27T12:35:46.317+00:00 lsst.makeWarp.warpAndPsfMatch.psfMatch (makeWarp:{instrument: 'LSSTCam-imSim', skymap: 'DC2', tract: 4431, patch: 17, visit: 929477, ...})(modelPsfMatch.py:358) - Psf-match science exposure to reference
INFO 2023-08-27T12:35:49.091+00:00 lsst.makeWarp.warpAndPsfMatch.psfMatch (makeWarp:{instrument: 'LSSTCam-imSim', skymap: 'DC2', tract: 4431, patch: 17, visit: 929477, ...})(modelPsfMatch.py:373) - done
INFO 2023-08-27T12:35:49.130+00:00 lsst.makeWarp (makeWarp:{instrument: 'LSSTCam-imSim', skymap: 'DC2', tract: 4431, patch: 17, visit: 929477, ...})(makeWarp.py:448) - Processing calexp 5 of 5 for this Warp: id={instrument: 'LSSTCam-imSim', detector: 94, visit: 929477, ...}
INFO 2023-08-27T12:35:51.702+00:00 lsst.makeWarp.warpAndPsfMatch.psfMatch (makeWarp:{instrument: 'LSSTCam-imSim', skymap: 'DC2', tract: 4431, patch: 17, visit: 929477, ...})(modelPsfMatch.py:335) - compute Psf-matching kernel
INFO 2023-08-27T12:35:52.008+00:00 lsst.makeWarp.warpAndPsfMatch.psfMatch (makeWarp:{instrument: 'LSSTCam-imSim', skymap: 'DC2', tract: 4431, patch: 17, visit: 929477, ...})(modelPsfMatch.py:483) - Adjusted dimensions of reference PSF model from (23, 23) to (55, 55)
INFO 2023-08-27T12:35:52.755+00:00 lsst.ip.diffim.generateAlardLuptonBasisList (makeWarp:{instrument: 'LSSTCam-imSim', skymap: 'DC2', tract: 4431, patch: 17, visit: 929477, ...})(makeKernelBasisList.py:192) - PSF sigmas are not available or scaling by fwhm disabled, falling back to config values
INFO 2023-08-27T12:35:59.342+00:00 lsst.makeWarp.warpAndPsfMatch.psfMatch (makeWarp:{instrument: 'LSSTCam-imSim', skymap: 'DC2', tract: 4431, patch: 17, visit: 929477, ...})(modelPsfMatch.py:358) - Psf-match science exposure to reference
INFO 2023-08-27T12:36:05.177+00:00 lsst.makeWarp.warpAndPsfMatch.psfMatch (makeWarp:{instrument: 'LSSTCam-imSim', skymap: 'DC2', tract: 4431, patch: 17, visit: 929477, ...})(modelPsfMatch.py:373) - done
INFO 2023-08-27T12:36:05.227+00:00 lsst.makeWarp (makeWarp:{instrument: 'LSSTCam-imSim', skymap: 'DC2', tract: 4431, patch: 17, visit: 929477, ...})(makeWarp.py:494) - directWarp has 16280498 good pixels (92.3%)
INFO 2023-08-27T12:36:05.231+00:00 lsst.makeWarp (makeWarp:{instrument: 'LSSTCam-imSim', skymap: 'DC2', tract: 4431, patch: 17, visit: 929477, ...})(makeWarp.py:494) - psfMatchedWarp has 16091293 good pixels (91.2%)
INFO 2023-08-27T12:36:13.253+00:00 lsst.ctrl.mpexec.singleQuantumExecutor (makeWarp:{instrument: 'LSSTCam-imSim', skymap: 'DC2', tract: 4431, patch: 17, visit: 929477, ...})(singleQuantumExecutor.py:232) - Execution of task 'makeWarp' on quantum {instrument: 'LSSTCam-imSim', skymap: 'DC2', tract: 4431, patch: 17, visit: 929477, ...} took 143.866 seconds
INFO 2023-08-27T12:36:13.267+00:00 lsst.ctrl.mpexec.singleQuantumExecutor ()(singleQuantumExecutor.py:654) - Log records could not be stored in this butler because the datastore can not ingest files, empty record list is stored instead.
INFO 2023-08-27T12:36:14.016+00:00 lsst.ctrl.mpexec.mpGraphExecutor ()(mpGraphExecutor.py:518) - Executed 5 quanta successfully, 0 failed and 2 remain out of total 7 quanta.
INFO 2023-08-27T12:36:18.379+00:00 lsst.makeWarp.select (makeWarp:{instrument: 'LSSTCam-imSim', skymap: 'DC2', tract: 4431, patch: 17, visit: 930353, ...})(selectImages.py:228) - Selecting calexp {instrument: 'LSSTCam-imSim', detector: 165, visit: 930353, ...}
INFO 2023-08-27T12:36:18.380+00:00 lsst.makeWarp.select (makeWarp:{instrument: 'LSSTCam-imSim', skymap: 'DC2', tract: 4431, patch: 17, visit: 930353, ...})(selectImages.py:228) - Selecting calexp {instrument: 'LSSTCam-imSim', detector: 166, visit: 930353, ...}
INFO 2023-08-27T12:36:18.380+00:00 lsst.makeWarp.select (makeWarp:{instrument: 'LSSTCam-imSim', skymap: 'DC2', tract: 4431, patch: 17, visit: 930353, ...})(selectImages.py:228) - Selecting calexp {instrument: 'LSSTCam-imSim', detector: 168, visit: 930353, ...}
INFO 2023-08-27T12:36:18.381+00:00 lsst.makeWarp.select (makeWarp:{instrument: 'LSSTCam-imSim', skymap: 'DC2', tract: 4431, patch: 17, visit: 930353, ...})(selectImages.py:228) - Selecting calexp {instrument: 'LSSTCam-imSim', detector: 169, visit: 930353, ...}
INFO 2023-08-27T12:36:23.043+00:00 lsst.makeWarp (makeWarp:{instrument: 'LSSTCam-imSim', skymap: 'DC2', tract: 4431, patch: 17, visit: 930353, ...})(makeWarp.py:448) - Processing calexp 1 of 4 for this Warp: id={instrument: 'LSSTCam-imSim', detector: 165, visit: 930353, ...}
INFO 2023-08-27T12:36:29.890+00:00 lsst.makeWarp.warpAndPsfMatch.psfMatch (makeWarp:{instrument: 'LSSTCam-imSim', skymap: 'DC2', tract: 4431, patch: 17, visit: 930353, ...})(modelPsfMatch.py:335) - compute Psf-matching kernel
INFO 2023-08-27T12:36:30.377+00:00 lsst.makeWarp.warpAndPsfMatch.psfMatch (makeWarp:{instrument: 'LSSTCam-imSim', skymap: 'DC2', tract: 4431, patch: 17, visit: 930353, ...})(modelPsfMatch.py:483) - Adjusted dimensions of reference PSF model from (23, 23) to (57, 57)
INFO 2023-08-27T12:36:31.576+00:00 lsst.ip.diffim.generateAlardLuptonBasisList (makeWarp:{instrument: 'LSSTCam-imSim', skymap: 'DC2', tract: 4431, patch: 17, visit: 930353, ...})(makeKernelBasisList.py:192) - PSF sigmas are not available or scaling by fwhm disabled, falling back to config values
INFO 2023-08-27T12:36:44.237+00:00 lsst.makeWarp.warpAndPsfMatch.psfMatch (makeWarp:{instrument: 'LSSTCam-imSim', skymap: 'DC2', tract: 4431, patch: 17, visit: 930353, ...})(modelPsfMatch.py:358) - Psf-match science exposure to reference
INFO 2023-08-27T12:36:54.809+00:00 lsst.makeWarp.warpAndPsfMatch.psfMatch (makeWarp:{instrument: 'LSSTCam-imSim', skymap: 'DC2', tract: 4431, patch: 17, visit: 930353, ...})(modelPsfMatch.py:373) - done
INFO 2023-08-27T12:36:54.879+00:00 lsst.makeWarp (makeWarp:{instrument: 'LSSTCam-imSim', skymap: 'DC2', tract: 4431, patch: 17, visit: 930353, ...})(makeWarp.py:448) - Processing calexp 2 of 4 for this Warp: id={instrument: 'LSSTCam-imSim', detector: 166, visit: 930353, ...}
INFO 2023-08-27T12:36:55.339+00:00 lsst.makeWarp.warpAndPsfMatch.psfMatch (makeWarp:{instrument: 'LSSTCam-imSim', skymap: 'DC2', tract: 4431, patch: 17, visit: 930353, ...})(modelPsfMatch.py:335) - compute Psf-matching kernel
INFO 2023-08-27T12:36:55.502+00:00 lsst.makeWarp.warpAndPsfMatch.psfMatch (makeWarp:{instrument: 'LSSTCam-imSim', skymap: 'DC2', tract: 4431, patch: 17, visit: 930353, ...})(modelPsfMatch.py:483) - Adjusted dimensions of reference PSF model from (23, 23) to (57, 57)
INFO 2023-08-27T12:36:55.938+00:00 lsst.ip.diffim.generateAlardLuptonBasisList (makeWarp:{instrument: 'LSSTCam-imSim', skymap: 'DC2', tract: 4431, patch: 17, visit: 930353, ...})(makeKernelBasisList.py:192) - PSF sigmas are not available or scaling by fwhm disabled, falling back to config values
INFO 2023-08-27T12:37:00.193+00:00 lsst.makeWarp.warpAndPsfMatch.psfMatch (makeWarp:{instrument: 'LSSTCam-imSim', skymap: 'DC2', tract: 4431, patch: 17, visit: 930353, ...})(modelPsfMatch.py:358) - Psf-match science exposure to reference
INFO 2023-08-27T12:37:02.944+00:00 lsst.makeWarp.warpAndPsfMatch.psfMatch (makeWarp:{instrument: 'LSSTCam-imSim', skymap: 'DC2', tract: 4431, patch: 17, visit: 930353, ...})(modelPsfMatch.py:373) - done
INFO 2023-08-27T12:37:02.970+00:00 lsst.makeWarp (makeWarp:{instrument: 'LSSTCam-imSim', skymap: 'DC2', tract: 4431, patch: 17, visit: 930353, ...})(makeWarp.py:448) - Processing calexp 3 of 4 for this Warp: id={instrument: 'LSSTCam-imSim', detector: 168, visit: 930353, ...}
INFO 2023-08-27T12:37:16.557+00:00 lsst.makeWarp.warpAndPsfMatch.psfMatch (makeWarp:{instrument: 'LSSTCam-imSim', skymap: 'DC2', tract: 4431, patch: 17, visit: 930353, ...})(modelPsfMatch.py:335) - compute Psf-matching kernel
INFO 2023-08-27T12:37:17.391+00:00 lsst.makeWarp.warpAndPsfMatch.psfMatch (makeWarp:{instrument: 'LSSTCam-imSim', skymap: 'DC2', tract: 4431, patch: 17, visit: 930353, ...})(modelPsfMatch.py:483) - Adjusted dimensions of reference PSF model from (23, 23) to (57, 57)
INFO 2023-08-27T12:37:19.586+00:00 lsst.ip.diffim.generateAlardLuptonBasisList (makeWarp:{instrument: 'LSSTCam-imSim', skymap: 'DC2', tract: 4431, patch: 17, visit: 930353, ...})(makeKernelBasisList.py:192) - PSF sigmas are not available or scaling by fwhm disabled, falling back to config values
INFO 2023-08-27T12:37:41.780+00:00 lsst.makeWarp.warpAndPsfMatch.psfMatch (makeWarp:{instrument: 'LSSTCam-imSim', skymap: 'DC2', tract: 4431, patch: 17, visit: 930353, ...})(modelPsfMatch.py:358) - Psf-match science exposure to reference
INFO 2023-08-27T12:38:01.205+00:00 lsst.makeWarp.warpAndPsfMatch.psfMatch (makeWarp:{instrument: 'LSSTCam-imSim', skymap: 'DC2', tract: 4431, patch: 17, visit: 930353, ...})(modelPsfMatch.py:373) - done
INFO 2023-08-27T12:38:01.397+00:00 lsst.makeWarp (makeWarp:{instrument: 'LSSTCam-imSim', skymap: 'DC2', tract: 4431, patch: 17, visit: 930353, ...})(makeWarp.py:448) - Processing calexp 4 of 4 for this Warp: id={instrument: 'LSSTCam-imSim', detector: 169, visit: 930353, ...}
INFO 2023-08-27T12:38:04.178+00:00 lsst.makeWarp.warpAndPsfMatch.psfMatch (makeWarp:{instrument: 'LSSTCam-imSim', skymap: 'DC2', tract: 4431, patch: 17, visit: 930353, ...})(modelPsfMatch.py:335) - compute Psf-matching kernel
INFO 2023-08-27T12:38:04.504+00:00 lsst.makeWarp.warpAndPsfMatch.psfMatch (makeWarp:{instrument: 'LSSTCam-imSim', skymap: 'DC2', tract: 4431, patch: 17, visit: 930353, ...})(modelPsfMatch.py:483) - Adjusted dimensions of reference PSF model from (23, 23) to (57, 57)
INFO 2023-08-27T12:38:05.357+00:00 lsst.ip.diffim.generateAlardLuptonBasisList (makeWarp:{instrument: 'LSSTCam-imSim', skymap: 'DC2', tract: 4431, patch: 17, visit: 930353, ...})(makeKernelBasisList.py:192) - PSF sigmas are not available or scaling by fwhm disabled, falling back to config values
INFO 2023-08-27T12:38:13.335+00:00 lsst.makeWarp.warpAndPsfMatch.psfMatch (makeWarp:{instrument: 'LSSTCam-imSim', skymap: 'DC2', tract: 4431, patch: 17, visit: 930353, ...})(modelPsfMatch.py:358) - Psf-match science exposure to reference
INFO 2023-08-27T12:38:19.642+00:00 lsst.makeWarp.warpAndPsfMatch.psfMatch (makeWarp:{instrument: 'LSSTCam-imSim', skymap: 'DC2', tract: 4431, patch: 17, visit: 930353, ...})(modelPsfMatch.py:373) - done
INFO 2023-08-27T12:38:19.712+00:00 lsst.makeWarp (makeWarp:{instrument: 'LSSTCam-imSim', skymap: 'DC2', tract: 4431, patch: 17, visit: 930353, ...})(makeWarp.py:494) - directWarp has 16076133 good pixels (91.1%)
INFO 2023-08-27T12:38:19.716+00:00 lsst.makeWarp (makeWarp:{instrument: 'LSSTCam-imSim', skymap: 'DC2', tract: 4431, patch: 17, visit: 930353, ...})(makeWarp.py:494) - psfMatchedWarp has 15873200 good pixels (90.0%)
INFO 2023-08-27T12:38:27.781+00:00 lsst.ctrl.mpexec.singleQuantumExecutor (makeWarp:{instrument: 'LSSTCam-imSim', skymap: 'DC2', tract: 4431, patch: 17, visit: 930353, ...})(singleQuantumExecutor.py:232) - Execution of task 'makeWarp' on quantum {instrument: 'LSSTCam-imSim', skymap: 'DC2', tract: 4431, patch: 17, visit: 930353, ...} took 133.762 seconds
INFO 2023-08-27T12:38:27.799+00:00 lsst.ctrl.mpexec.singleQuantumExecutor ()(singleQuantumExecutor.py:654) - Log records could not be stored in this butler because the datastore can not ingest files, empty record list is stored instead.
INFO 2023-08-27T12:38:28.591+00:00 lsst.ctrl.mpexec.mpGraphExecutor ()(mpGraphExecutor.py:518) - Executed 6 quanta successfully, 0 failed and 1 remain out of total 7 quanta.
INFO 2023-08-27T12:38:30.717+00:00 lsst.assembleCoadd (assembleCoadd:{band: 'i', skymap: 'DC2', tract: 4431, patch: 17})(assembleCoadd.py:556) - Weight of deepCoadd_directWarp {instrument: 'LSSTCam-imSim', skymap: 'DC2', tract: 4431, patch: 17, visit: 919515, ...} = 3.466
INFO 2023-08-27T12:38:32.913+00:00 lsst.assembleCoadd (assembleCoadd:{band: 'i', skymap: 'DC2', tract: 4431, patch: 17})(assembleCoadd.py:556) - Weight of deepCoadd_directWarp {instrument: 'LSSTCam-imSim', skymap: 'DC2', tract: 4431, patch: 17, visit: 924057, ...} = 4.384
INFO 2023-08-27T12:38:33.779+00:00 lsst.assembleCoadd (assembleCoadd:{band: 'i', skymap: 'DC2', tract: 4431, patch: 17})(assembleCoadd.py:556) - Weight of deepCoadd_directWarp {instrument: 'LSSTCam-imSim', skymap: 'DC2', tract: 4431, patch: 17, visit: 924085, ...} = 4.447
INFO 2023-08-27T12:38:35.913+00:00 lsst.assembleCoadd (assembleCoadd:{band: 'i', skymap: 'DC2', tract: 4431, patch: 17})(assembleCoadd.py:556) - Weight of deepCoadd_directWarp {instrument: 'LSSTCam-imSim', skymap: 'DC2', tract: 4431, patch: 17, visit: 924086, ...} = 4.550
INFO 2023-08-27T12:38:38.068+00:00 lsst.assembleCoadd (assembleCoadd:{band: 'i', skymap: 'DC2', tract: 4431, patch: 17})(assembleCoadd.py:556) - Weight of deepCoadd_directWarp {instrument: 'LSSTCam-imSim', skymap: 'DC2', tract: 4431, patch: 17, visit: 929477, ...} = 4.051
INFO 2023-08-27T12:38:40.211+00:00 lsst.assembleCoadd (assembleCoadd:{band: 'i', skymap: 'DC2', tract: 4431, patch: 17})(assembleCoadd.py:556) - Weight of deepCoadd_directWarp {instrument: 'LSSTCam-imSim', skymap: 'DC2', tract: 4431, patch: 17, visit: 930353, ...} = 3.769
INFO 2023-08-27T12:38:40.213+00:00 lsst.assembleCoadd (assembleCoadd:{band: 'i', skymap: 'DC2', tract: 4431, patch: 17})(assembleCoadd.py:427) - Found 6 deepCoadd_directWarp
INFO 2023-08-27T12:38:41.893+00:00 lsst.assembleCoadd.assembleStaticSkyModel (assembleCoadd:{band: 'i', skymap: 'DC2', tract: 4431, patch: 17})(assembleCoadd.py:556) - Weight of deepCoadd_psfMatchedWarp {instrument: 'LSSTCam-imSim', skymap: 'DC2', tract: 4431, patch: 17, visit: 919515, ...} = 237.689
INFO 2023-08-27T12:38:44.117+00:00 lsst.assembleCoadd.assembleStaticSkyModel (assembleCoadd:{band: 'i', skymap: 'DC2', tract: 4431, patch: 17})(assembleCoadd.py:556) - Weight of deepCoadd_psfMatchedWarp {instrument: 'LSSTCam-imSim', skymap: 'DC2', tract: 4431, patch: 17, visit: 924057, ...} = 303.107
INFO 2023-08-27T12:38:45.056+00:00 lsst.assembleCoadd.assembleStaticSkyModel (assembleCoadd:{band: 'i', skymap: 'DC2', tract: 4431, patch: 17})(assembleCoadd.py:556) - Weight of deepCoadd_psfMatchedWarp {instrument: 'LSSTCam-imSim', skymap: 'DC2', tract: 4431, patch: 17, visit: 924085, ...} = 307.386
INFO 2023-08-27T12:38:47.347+00:00 lsst.assembleCoadd.assembleStaticSkyModel (assembleCoadd:{band: 'i', skymap: 'DC2', tract: 4431, patch: 17})(assembleCoadd.py:556) - Weight of deepCoadd_psfMatchedWarp {instrument: 'LSSTCam-imSim', skymap: 'DC2', tract: 4431, patch: 17, visit: 924086, ...} = 294.087
INFO 2023-08-27T12:38:49.526+00:00 lsst.assembleCoadd.assembleStaticSkyModel (assembleCoadd:{band: 'i', skymap: 'DC2', tract: 4431, patch: 17})(assembleCoadd.py:556) - Weight of deepCoadd_psfMatchedWarp {instrument: 'LSSTCam-imSim', skymap: 'DC2', tract: 4431, patch: 17, visit: 929477, ...} = 350.132
INFO 2023-08-27T12:38:51.590+00:00 lsst.assembleCoadd.assembleStaticSkyModel (assembleCoadd:{band: 'i', skymap: 'DC2', tract: 4431, patch: 17})(assembleCoadd.py:556) - Weight of deepCoadd_psfMatchedWarp {instrument: 'LSSTCam-imSim', skymap: 'DC2', tract: 4431, patch: 17, visit: 930353, ...} = 200.529
INFO 2023-08-27T12:38:51.592+00:00 lsst.assembleCoadd.assembleStaticSkyModel (assembleCoadd:{band: 'i', skymap: 'DC2', tract: 4431, patch: 17})(assembleCoadd.py:427) - Found 6 deepCoadd_psfMatchedWarp
INFO 2023-08-27T12:38:51.593+00:00 lsst.assembleCoadd.assembleStaticSkyModel (assembleCoadd:{band: 'i', skymap: 'DC2', tract: 4431, patch: 17})(assembleCoadd.py:654) - Assembling 6 deepCoadd_psfMatchedWarp
INFO 2023-08-27T12:40:31.789+00:00 lsst.assembleCoadd.assembleStaticSkyModel.interpImage (assembleCoadd:{band: 'i', skymap: 'DC2', tract: 4431, patch: 17})(interpImage.py:184) - Creating psf model for interpolation from fwhm(pixels) = 3.0 [default]
INFO 2023-08-27T12:40:32.062+00:00 lsst.assembleCoadd.assembleStaticSkyModel.interpImage (assembleCoadd:{band: 'i', skymap: 'DC2', tract: 4431, patch: 17})(interpImage.py:120) - fallbackValueType MEDIAN has been set to 0.0018
INFO 2023-08-27T12:40:32.063+00:00 lsst.assembleCoadd.assembleStaticSkyModel.interpImage (assembleCoadd:{band: 'i', skymap: 'DC2', tract: 4431, patch: 17})(interpImage.py:195) - Interpolated over 0 NO_DATA pixels.
INFO 2023-08-27T12:40:35.005+00:00 lsst.assembleCoadd.detectTemplate (assembleCoadd:{band: 'i', skymap: 'DC2', tract: 4431, patch: 17})(detection.py:598) - Detected 2763 positive peaks in 1888 footprints to 5 sigma
INFO 2023-08-27T12:40:36.970+00:00 lsst.assembleCoadd.scaleWarpVariance (assembleCoadd:{band: 'i', skymap: 'DC2', tract: 4431, patch: 17})(scaleVariance.py:130) - Renormalizing variance by 1.146336
INFO 2023-08-27T12:40:37.406+00:00 lsst.assembleCoadd.detect (assembleCoadd:{band: 'i', skymap: 'DC2', tract: 4431, patch: 17})(detection.py:598) - Detected 63 positive peaks in 35 footprints and 39 negative peaks in 24 footprints to 5 sigma
INFO 2023-08-27T12:40:40.278+00:00 lsst.assembleCoadd.scaleWarpVariance (assembleCoadd:{band: 'i', skymap: 'DC2', tract: 4431, patch: 17})(scaleVariance.py:130) - Renormalizing variance by 1.154961
INFO 2023-08-27T12:40:40.711+00:00 lsst.assembleCoadd.detect (assembleCoadd:{band: 'i', skymap: 'DC2', tract: 4431, patch: 17})(detection.py:598) - Detected 10 positive peaks in 4 footprints and 6 negative peaks in 5 footprints to 5 sigma
INFO 2023-08-27T12:40:42.131+00:00 lsst.assembleCoadd.scaleWarpVariance (assembleCoadd:{band: 'i', skymap: 'DC2', tract: 4431, patch: 17})(scaleVariance.py:130) - Renormalizing variance by 1.162910
INFO 2023-08-27T12:40:42.522+00:00 lsst.assembleCoadd.detect (assembleCoadd:{band: 'i', skymap: 'DC2', tract: 4431, patch: 17})(detection.py:598) - Detected 0 positive peaks in 0 footprints and 0 negative peaks in 0 footprints to 5 sigma
INFO 2023-08-27T12:40:45.303+00:00 lsst.assembleCoadd.scaleWarpVariance (assembleCoadd:{band: 'i', skymap: 'DC2', tract: 4431, patch: 17})(scaleVariance.py:130) - Renormalizing variance by 1.150889
INFO 2023-08-27T12:40:45.727+00:00 lsst.assembleCoadd.detect (assembleCoadd:{band: 'i', skymap: 'DC2', tract: 4431, patch: 17})(detection.py:598) - Detected 15 positive peaks in 12 footprints and 34 negative peaks in 20 footprints to 5 sigma
INFO 2023-08-27T12:40:48.544+00:00 lsst.assembleCoadd.scaleWarpVariance (assembleCoadd:{band: 'i', skymap: 'DC2', tract: 4431, patch: 17})(scaleVariance.py:130) - Renormalizing variance by 1.162911
INFO 2023-08-27T12:40:48.986+00:00 lsst.assembleCoadd.detect (assembleCoadd:{band: 'i', skymap: 'DC2', tract: 4431, patch: 17})(detection.py:598) - Detected 725 positive peaks in 151 footprints and 207 negative peaks in 126 footprints to 5 sigma
INFO 2023-08-27T12:40:51.922+00:00 lsst.assembleCoadd.scaleWarpVariance (assembleCoadd:{band: 'i', skymap: 'DC2', tract: 4431, patch: 17})(scaleVariance.py:130) - Renormalizing variance by 1.142096
INFO 2023-08-27T12:40:52.367+00:00 lsst.assembleCoadd.detect (assembleCoadd:{band: 'i', skymap: 'DC2', tract: 4431, patch: 17})(detection.py:598) - Detected 42 positive peaks in 36 footprints and 68 negative peaks in 25 footprints to 5 sigma
INFO 2023-08-27T12:40:53.607+00:00 lsst.assembleCoadd (assembleCoadd:{band: 'i', skymap: 'DC2', tract: 4431, patch: 17})(assembleCoadd.py:654) - Assembling 6 deepCoadd_directWarp
INFO 2023-08-27T12:42:42.923+00:00 lsst.assembleCoadd.interpImage (assembleCoadd:{band: 'i', skymap: 'DC2', tract: 4431, patch: 17})(interpImage.py:184) - Creating psf model for interpolation from fwhm(pixels) = 3.0 [default]
INFO 2023-08-27T12:42:43.276+00:00 lsst.assembleCoadd.interpImage (assembleCoadd:{band: 'i', skymap: 'DC2', tract: 4431, patch: 17})(interpImage.py:120) - fallbackValueType MEDIAN has been set to 0.0159
INFO 2023-08-27T12:42:43.295+00:00 lsst.assembleCoadd.interpImage (assembleCoadd:{band: 'i', skymap: 'DC2', tract: 4431, patch: 17})(interpImage.py:195) - Interpolated over 278 NO_DATA pixels.
INFO 2023-08-27T12:42:48.970+00:00 lsst.ctrl.mpexec.singleQuantumExecutor (assembleCoadd:{band: 'i', skymap: 'DC2', tract: 4431, patch: 17})(singleQuantumExecutor.py:232) - Execution of task 'assembleCoadd' on quantum {band: 'i', skymap: 'DC2', tract: 4431, patch: 17} took 260.376 seconds
INFO 2023-08-27T12:42:48.987+00:00 lsst.ctrl.mpexec.singleQuantumExecutor ()(singleQuantumExecutor.py:654) - Log records could not be stored in this butler because the datastore can not ingest files, empty record list is stored instead.
INFO 2023-08-27T12:42:49.610+00:00 lsst.ctrl.mpexec.mpGraphExecutor ()(mpGraphExecutor.py:518) - Executed 7 quanta successfully, 0 failed and 0 remain out of total 7 quanta.
Sun Aug 27 12:42:51 UTC 2023
